<?xml version="1.0" encoding="UTF-8"?>
<coverage generated="1636504188907" clover="3.2.0">
  <project timestamp="1636504188907" name="All files">
    <metrics statements="604" coveredstatements="443" conditionals="104" coveredconditionals="62" methods="232" coveredmethods="131" elements="940" coveredelements="636" complexity="0" loc="604" ncloc="604" packages="7" files="36" classes="36"/>
    <package name="client">
      <metrics statements="1" coveredstatements="1" conditionals="0" coveredconditionals="0" methods="0" coveredmethods="0"/>
      <file name="config.js" path="/Users/zacharia/Documents/code/HackReactor/project_catwalk/client/config.js">
        <metrics statements="1" coveredstatements="1" conditionals="0" coveredconditionals="0" methods="0" coveredmethods="0"/>
        <line num="1" count="13" type="stmt"/>
      </file>
    </package>
    <package name="client.src">
      <metrics statements="26" coveredstatements="18" conditionals="0" coveredconditionals="0" methods="16" coveredmethods="7"/>
      <file name="utils.js" path="/Users/zacharia/Documents/code/HackReactor/project_catwalk/client/src/utils.js">
        <metrics statements="26" coveredstatements="18" conditionals="0" coveredconditionals="0" methods="16" coveredmethods="7"/>
        <line num="5" count="11" type="stmt"/>
        <line num="7" count="11" type="stmt"/>
        <line num="9" count="20" type="stmt"/>
        <line num="11" count="15" type="stmt"/>
        <line num="13" count="11" type="stmt"/>
        <line num="15" count="15" type="stmt"/>
        <line num="17" count="11" type="stmt"/>
        <line num="18" count="0" type="stmt"/>
        <line num="19" count="0" type="stmt"/>
        <line num="20" count="0" type="stmt"/>
        <line num="23" count="11" type="stmt"/>
        <line num="24" count="1" type="stmt"/>
        <line num="27" count="11" type="stmt"/>
        <line num="28" count="0" type="stmt"/>
        <line num="31" count="11" type="stmt"/>
        <line num="32" count="0" type="stmt"/>
        <line num="35" count="11" type="stmt"/>
        <line num="36" count="0" type="stmt"/>
        <line num="39" count="11" type="stmt"/>
        <line num="40" count="1" type="stmt"/>
        <line num="43" count="11" type="stmt"/>
        <line num="44" count="1" type="stmt"/>
        <line num="47" count="11" type="stmt"/>
        <line num="48" count="0" type="stmt"/>
        <line num="51" count="11" type="stmt"/>
        <line num="52" count="0" type="stmt"/>
      </file>
    </package>
    <package name="client.src.components">
      <metrics statements="8" coveredstatements="7" conditionals="0" coveredconditionals="0" methods="4" coveredmethods="3"/>
      <file name="App.jsx" path="/Users/zacharia/Documents/code/HackReactor/project_catwalk/client/src/components/App.jsx">
        <metrics statements="8" coveredstatements="7" conditionals="0" coveredconditionals="0" methods="4" coveredmethods="3"/>
        <line num="9" count="1" type="stmt"/>
        <line num="10" count="1" type="stmt"/>
        <line num="15" count="1" type="stmt"/>
        <line num="19" count="1" type="stmt"/>
        <line num="20" count="1" type="stmt"/>
        <line num="27" count="0" type="stmt"/>
        <line num="31" count="2" type="stmt"/>
        <line num="32" count="2" type="stmt"/>
      </file>
    </package>
    <package name="client.src.components.Questions">
      <metrics statements="140" coveredstatements="110" conditionals="18" coveredconditionals="8" methods="56" coveredmethods="26"/>
      <file name="AddQuestion.jsx" path="/Users/zacharia/Documents/code/HackReactor/project_catwalk/client/src/components/Questions/AddQuestion.jsx">
        <metrics statements="10" coveredstatements="9" conditionals="0" coveredconditionals="0" methods="3" coveredmethods="2"/>
        <line num="5" count="4" type="stmt"/>
        <line num="7" count="4" type="stmt"/>
        <line num="8" count="2" type="stmt"/>
        <line num="10" count="2" type="stmt"/>
        <line num="11" count="1" type="stmt"/>
        <line num="18" count="1" type="stmt"/>
        <line num="23" count="1" type="stmt"/>
        <line num="25" count="1" type="stmt"/>
        <line num="27" count="0" type="stmt"/>
        <line num="31" count="2" type="stmt"/>
      </file>
      <file name="AnswerElement.jsx" path="/Users/zacharia/Documents/code/HackReactor/project_catwalk/client/src/components/Questions/AnswerElement.jsx">
        <metrics statements="28" coveredstatements="20" conditionals="8" coveredconditionals="3" methods="11" coveredmethods="4"/>
        <line num="9" count="6" type="stmt"/>
        <line num="17" count="6" type="stmt"/>
        <line num="27" count="6" type="stmt"/>
        <line num="35" count="5" type="stmt"/>
        <line num="38" count="5" type="stmt"/>
        <line num="39" count="5" type="stmt"/>
        <line num="40" count="5" type="stmt"/>
        <line num="42" count="5" type="stmt"/>
        <line num="43" count="2" type="stmt"/>
        <line num="46" count="5" type="stmt"/>
        <line num="48" count="5" type="stmt"/>
        <line num="49" count="1" type="cond" truecount="1" falsecount="1"/>
        <line num="50" count="1" type="stmt"/>
        <line num="51" count="1" type="stmt"/>
        <line num="52" count="1" type="stmt"/>
        <line num="55" count="0" type="stmt"/>
        <line num="58" count="0" type="stmt"/>
        <line num="63" count="5" type="stmt"/>
        <line num="64" count="0" type="cond" truecount="0" falsecount="2"/>
        <line num="65" count="0" type="stmt"/>
        <line num="66" count="0" type="stmt"/>
        <line num="69" count="0" type="stmt"/>
        <line num="72" count="0" type="stmt"/>
        <line num="76" count="0" type="stmt"/>
        <line num="81" count="5" type="stmt"/>
        <line num="90" count="5" type="stmt"/>
        <line num="122" count="6" type="stmt"/>
        <line num="133" count="6" type="stmt"/>
      </file>
      <file name="AnswerInnerList.jsx" path="/Users/zacharia/Documents/code/HackReactor/project_catwalk/client/src/components/Questions/AnswerInnerList.jsx">
        <metrics statements="9" coveredstatements="8" conditionals="0" coveredconditionals="0" methods="3" coveredmethods="1"/>
        <line num="6" count="5" type="stmt"/>
        <line num="16" count="5" type="stmt"/>
        <line num="23" count="5" type="stmt"/>
        <line num="29" count="5" type="stmt"/>
        <line num="30" count="8" type="stmt"/>
        <line num="39" count="7" type="stmt"/>
        <line num="42" count="7" type="stmt"/>
        <line num="44" count="1" type="stmt"/>
        <line num="53" count="0" type="stmt"/>
      </file>
      <file name="ModalAddQuestion.jsx" path="/Users/zacharia/Documents/code/HackReactor/project_catwalk/client/src/components/Questions/ModalAddQuestion.jsx">
        <metrics statements="5" coveredstatements="2" conditionals="0" coveredconditionals="0" methods="2" coveredmethods="0"/>
        <line num="5" count="3" type="stmt"/>
        <line num="9" count="3" type="stmt"/>
        <line num="10" count="0" type="stmt"/>
        <line num="13" count="0" type="stmt"/>
        <line num="16" count="0" type="stmt"/>
      </file>
      <file name="QAContainer.jsx" path="/Users/zacharia/Documents/code/HackReactor/project_catwalk/client/src/components/Questions/QAContainer.jsx">
        <metrics statements="13" coveredstatements="11" conditionals="0" coveredconditionals="0" methods="7" coveredmethods="4"/>
        <line num="11" count="1" type="stmt"/>
        <line num="12" count="1" type="stmt"/>
        <line num="15" count="1" type="stmt"/>
        <line num="19" count="1" type="stmt"/>
        <line num="23" count="1" type="stmt"/>
        <line num="24" count="1" type="stmt"/>
        <line num="27" count="0" type="stmt"/>
        <line num="30" count="0" type="stmt"/>
        <line num="42" count="1" type="stmt"/>
        <line num="43" count="1" type="stmt"/>
        <line num="45" count="1" type="stmt"/>
        <line num="69" count="4" type="stmt"/>
        <line num="76" count="4" type="stmt"/>
      </file>
      <file name="QuestionElement.jsx" path="/Users/zacharia/Documents/code/HackReactor/project_catwalk/client/src/components/Questions/QuestionElement.jsx">
        <metrics statements="25" coveredstatements="18" conditionals="2" coveredconditionals="1" methods="9" coveredmethods="4"/>
        <line num="9" count="5" type="stmt"/>
        <line num="22" count="5" type="stmt"/>
        <line num="27" count="5" type="stmt"/>
        <line num="39" count="5" type="stmt"/>
        <line num="46" count="5" type="stmt"/>
        <line num="55" count="5" type="stmt"/>
        <line num="56" count="7" type="stmt"/>
        <line num="57" count="7" type="stmt"/>
        <line num="66" count="7" type="stmt"/>
        <line num="68" count="7" type="stmt"/>
        <line num="69" count="3" type="stmt"/>
        <line num="72" count="7" type="stmt"/>
        <line num="73" count="1" type="cond" truecount="1" falsecount="1"/>
        <line num="74" count="1" type="stmt"/>
        <line num="76" count="1" type="stmt"/>
        <line num="77" count="1" type="stmt"/>
        <line num="80" count="0" type="stmt"/>
        <line num="84" count="0" type="stmt"/>
        <line num="89" count="7" type="stmt"/>
        <line num="91" count="0" type="stmt"/>
        <line num="92" count="0" type="stmt"/>
        <line num="98" count="0" type="stmt"/>
        <line num="101" count="0" type="stmt"/>
        <line num="105" count="0" type="stmt"/>
        <line num="109" count="7" type="stmt"/>
      </file>
      <file name="Questions.jsx" path="/Users/zacharia/Documents/code/HackReactor/project_catwalk/client/src/components/Questions/Questions.jsx">
        <metrics statements="2" coveredstatements="2" conditionals="0" coveredconditionals="0" methods="1" coveredmethods="1"/>
        <line num="4" count="1" type="stmt"/>
        <line num="5" count="2" type="stmt"/>
      </file>
      <file name="QuestionsList.jsx" path="/Users/zacharia/Documents/code/HackReactor/project_catwalk/client/src/components/Questions/QuestionsList.jsx">
        <metrics statements="16" coveredstatements="13" conditionals="6" coveredconditionals="3" methods="6" coveredmethods="2"/>
        <line num="9" count="3" type="stmt"/>
        <line num="16" count="3" type="stmt"/>
        <line num="22" count="4" type="stmt"/>
        <line num="23" count="4" type="stmt"/>
        <line num="30" count="5" type="stmt"/>
        <line num="38" count="5" type="stmt"/>
        <line num="39" count="5" type="stmt"/>
        <line num="41" count="5" type="stmt"/>
        <line num="43" count="5" type="stmt"/>
        <line num="45" count="0" type="stmt"/>
        <line num="50" count="5" type="cond" truecount="1" falsecount="1"/>
        <line num="54" count="5" type="stmt"/>
        <line num="62" count="0" type="stmt"/>
        <line num="74" count="0" type="stmt"/>
        <line num="84" count="3" type="stmt"/>
        <line num="89" count="3" type="stmt"/>
      </file>
      <file name="QuestionsMain.jsx" path="/Users/zacharia/Documents/code/HackReactor/project_catwalk/client/src/components/Questions/QuestionsMain.jsx">
        <metrics statements="22" coveredstatements="17" conditionals="2" coveredconditionals="1" methods="10" coveredmethods="4"/>
        <line num="16" count="4" type="stmt"/>
        <line num="17" count="4" type="stmt"/>
        <line num="27" count="4" type="stmt"/>
        <line num="28" count="4" type="stmt"/>
        <line num="29" count="4" type="stmt"/>
        <line num="30" count="4" type="stmt"/>
        <line num="34" count="4" type="stmt"/>
        <line num="35" count="4" type="stmt"/>
        <line num="39" count="4" type="stmt"/>
        <line num="41" count="4" type="stmt"/>
        <line num="47" count="4" type="stmt"/>
        <line num="52" count="4" type="stmt"/>
        <line num="54" count="4" type="stmt"/>
        <line num="57" count="0" type="stmt"/>
        <line num="62" count="0" type="stmt"/>
        <line num="66" count="0" type="stmt"/>
        <line num="70" count="0" type="stmt"/>
        <line num="74" count="5" type="stmt"/>
        <line num="81" count="5" type="stmt"/>
        <line num="83" count="5" type="stmt"/>
        <line num="107" count="0" type="stmt"/>
        <line num="120" count="3" type="stmt"/>
      </file>
      <file name="SearchQuestions.jsx" path="/Users/zacharia/Documents/code/HackReactor/project_catwalk/client/src/components/Questions/SearchQuestions.jsx">
        <metrics statements="10" coveredstatements="10" conditionals="0" coveredconditionals="0" methods="4" coveredmethods="4"/>
        <line num="6" count="4" type="stmt"/>
        <line num="19" count="7" type="stmt"/>
        <line num="20" count="7" type="stmt"/>
        <line num="23" count="7" type="stmt"/>
        <line num="27" count="9" type="stmt"/>
        <line num="28" count="9" type="stmt"/>
        <line num="32" count="8" type="stmt"/>
        <line num="33" count="8" type="stmt"/>
        <line num="46" count="4" type="stmt"/>
        <line num="50" count="4" type="stmt"/>
      </file>
    </package>
    <package name="client.src.components.Related">
      <metrics statements="187" coveredstatements="173" conditionals="46" coveredconditionals="32" methods="61" coveredmethods="52"/>
      <file name="AddOutfitBtn.jsx" path="/Users/zacharia/Documents/code/HackReactor/project_catwalk/client/src/components/Related/AddOutfitBtn.jsx">
        <metrics statements="6" coveredstatements="6" conditionals="0" coveredconditionals="0" methods="1" coveredmethods="1"/>
        <line num="6" count="6" type="stmt"/>
        <line num="16" count="6" type="stmt"/>
        <line num="25" count="6" type="stmt"/>
        <line num="26" count="12" type="stmt"/>
        <line num="27" count="11" type="stmt"/>
        <line num="36" count="6" type="stmt"/>
      </file>
      <file name="Card.jsx" path="/Users/zacharia/Documents/code/HackReactor/project_catwalk/client/src/components/Related/Card.jsx">
        <metrics statements="10" coveredstatements="10" conditionals="4" coveredconditionals="4" methods="7" coveredmethods="4"/>
        <line num="22" count="6" type="stmt"/>
        <line num="30" count="57" type="stmt"/>
        <line num="37" count="6" type="stmt"/>
        <line num="41" count="6" type="stmt"/>
        <line num="52" count="60" type="stmt"/>
        <line num="59" count="57" type="stmt"/>
        <line num="61" count="57" type="stmt"/>
        <line num="62" count="3" type="stmt"/>
        <line num="87" count="6" type="stmt"/>
        <line num="98" count="6" type="stmt"/>
      </file>
      <file name="CardImg.jsx" path="/Users/zacharia/Documents/code/HackReactor/project_catwalk/client/src/components/Related/CardImg.jsx">
        <metrics statements="6" coveredstatements="6" conditionals="0" coveredconditionals="0" methods="1" coveredmethods="1"/>
        <line num="5" count="7" type="stmt"/>
        <line num="14" count="7" type="stmt"/>
        <line num="19" count="7" type="stmt"/>
        <line num="20" count="51" type="stmt"/>
        <line num="21" count="49" type="stmt"/>
        <line num="28" count="7" type="stmt"/>
      </file>
      <file name="Carousel.jsx" path="/Users/zacharia/Documents/code/HackReactor/project_catwalk/client/src/components/Related/Carousel.jsx">
        <metrics statements="23" coveredstatements="15" conditionals="14" coveredconditionals="6" methods="10" coveredmethods="5"/>
        <line num="8" count="5" type="stmt"/>
        <line num="20" count="5" type="stmt"/>
        <line num="34" count="7" type="stmt"/>
        <line num="35" count="7" type="stmt"/>
        <line num="41" count="7" type="stmt"/>
        <line num="42" count="7" type="stmt"/>
        <line num="46" count="10" type="stmt"/>
        <line num="47" count="10" type="cond" truecount="2" falsecount="0"/>
        <line num="48" count="2" type="stmt"/>
        <line num="53" count="0" type="stmt"/>
        <line num="54" count="0" type="cond" truecount="0" falsecount="2"/>
        <line num="55" count="0" type="stmt"/>
        <line num="63" count="0" type="stmt"/>
        <line num="64" count="0" type="cond" truecount="0" falsecount="2"/>
        <line num="65" count="0" type="stmt"/>
        <line num="67" count="0" type="cond" truecount="0" falsecount="2"/>
        <line num="68" count="0" type="stmt"/>
        <line num="76" count="17" type="stmt"/>
        <line num="84" count="17" type="stmt"/>
        <line num="86" count="17" type="stmt"/>
        <line num="97" count="46" type="stmt"/>
        <line num="119" count="5" type="stmt"/>
        <line num="126" count="5" type="stmt"/>
      </file>
      <file name="CompareBtn.jsx" path="/Users/zacharia/Documents/code/HackReactor/project_catwalk/client/src/components/Related/CompareBtn.jsx">
        <metrics statements="8" coveredstatements="8" conditionals="0" coveredconditionals="0" methods="2" coveredmethods="2"/>
        <line num="6" count="7" type="stmt"/>
        <line num="15" count="7" type="stmt"/>
        <line num="24" count="7" type="stmt"/>
        <line num="36" count="7" type="stmt"/>
        <line num="37" count="44" type="stmt"/>
        <line num="38" count="43" type="stmt"/>
        <line num="39" count="1" type="stmt"/>
        <line num="48" count="7" type="stmt"/>
      </file>
      <file name="CompareTable.jsx" path="/Users/zacharia/Documents/code/HackReactor/project_catwalk/client/src/components/Related/CompareTable.jsx">
        <metrics statements="10" coveredstatements="10" conditionals="8" coveredconditionals="8" methods="2" coveredmethods="2"/>
        <line num="5" count="5" type="stmt"/>
        <line num="9" count="5" type="stmt"/>
        <line num="13" count="5" type="stmt"/>
        <line num="14" count="9" type="stmt"/>
        <line num="15" count="9" type="stmt"/>
        <line num="26" count="14" type="stmt"/>
        <line num="27" count="14" type="cond" truecount="2" falsecount="0"/>
        <line num="28" count="10" type="stmt"/>
        <line num="36" count="4" type="stmt"/>
        <line num="43" count="5" type="stmt"/>
      </file>
      <file name="DeleteBtn.jsx" path="/Users/zacharia/Documents/code/HackReactor/project_catwalk/client/src/components/Related/DeleteBtn.jsx">
        <metrics statements="7" coveredstatements="7" conditionals="0" coveredconditionals="0" methods="2" coveredmethods="2"/>
        <line num="6" count="7" type="stmt"/>
        <line num="14" count="7" type="stmt"/>
        <line num="23" count="7" type="stmt"/>
        <line num="24" count="10" type="stmt"/>
        <line num="25" count="8" type="stmt"/>
        <line num="26" count="2" type="stmt"/>
        <line num="34" count="7" type="stmt"/>
      </file>
      <file name="ForwardArrow.jsx" path="/Users/zacharia/Documents/code/HackReactor/project_catwalk/client/src/components/Related/ForwardArrow.jsx">
        <metrics statements="6" coveredstatements="6" conditionals="0" coveredconditionals="0" methods="1" coveredmethods="1"/>
        <line num="7" count="6" type="stmt"/>
        <line num="12" count="6" type="stmt"/>
        <line num="21" count="6" type="stmt"/>
        <line num="22" count="2" type="stmt"/>
        <line num="23" count="1" type="stmt"/>
        <line num="32" count="6" type="stmt"/>
      </file>
      <file name="MSWTest.jsx" path="/Users/zacharia/Documents/code/HackReactor/project_catwalk/client/src/components/Related/MSWTest.jsx">
        <metrics statements="8" coveredstatements="8" conditionals="2" coveredconditionals="2" methods="4" coveredmethods="4"/>
        <line num="7" count="1" type="stmt"/>
        <line num="8" count="1" type="stmt"/>
        <line num="14" count="1" type="stmt"/>
        <line num="15" count="1" type="stmt"/>
        <line num="17" count="1" type="stmt"/>
        <line num="22" count="2" type="stmt"/>
        <line num="23" count="2" type="stmt"/>
        <line num="31" count="1" type="stmt"/>
      </file>
      <file name="Modal.jsx" path="/Users/zacharia/Documents/code/HackReactor/project_catwalk/client/src/components/Related/Modal.jsx">
        <metrics statements="10" coveredstatements="10" conditionals="2" coveredconditionals="2" methods="2" coveredmethods="2"/>
        <line num="7" count="4" type="stmt"/>
        <line num="10" count="4" type="stmt"/>
        <line num="19" count="8" type="cond" truecount="2" falsecount="0"/>
        <line num="22" count="4" type="stmt"/>
        <line num="35" count="4" type="stmt"/>
        <line num="44" count="4" type="stmt"/>
        <line num="52" count="4" type="stmt"/>
        <line num="53" count="8" type="stmt"/>
        <line num="54" count="8" type="stmt"/>
        <line num="72" count="4" type="stmt"/>
      </file>
      <file name="RatingStars.jsx" path="/Users/zacharia/Documents/code/HackReactor/project_catwalk/client/src/components/Related/RatingStars.jsx">
        <metrics statements="2" coveredstatements="2" conditionals="0" coveredconditionals="0" methods="1" coveredmethods="1"/>
        <line num="3" count="7" type="stmt"/>
        <line num="4" count="49" type="stmt"/>
      </file>
      <file name="Related.jsx" path="/Users/zacharia/Documents/code/HackReactor/project_catwalk/client/src/components/Related/Related.jsx">
        <metrics statements="85" coveredstatements="79" conditionals="16" coveredconditionals="10" methods="27" coveredmethods="26"/>
        <line num="14" count="4" type="stmt"/>
        <line num="17" count="4" type="stmt"/>
        <line num="18" count="5" type="stmt"/>
        <line num="19" count="15" type="stmt"/>
        <line num="28" count="15" type="stmt"/>
        <line num="30" count="15" type="stmt"/>
        <line num="31" count="15" type="stmt"/>
        <line num="32" count="15" type="stmt"/>
        <line num="34" count="15" type="stmt"/>
        <line num="35" count="15" type="stmt"/>
        <line num="36" count="15" type="stmt"/>
        <line num="37" count="15" type="stmt"/>
        <line num="39" count="15" type="stmt"/>
        <line num="40" count="15" type="stmt"/>
        <line num="41" count="75" type="stmt"/>
        <line num="43" count="15" type="stmt"/>
        <line num="45" count="15" type="stmt"/>
        <line num="47" count="5" type="stmt"/>
        <line num="52" count="4" type="stmt"/>
        <line num="53" count="4" type="stmt"/>
        <line num="63" count="4" type="stmt"/>
        <line num="64" count="4" type="stmt"/>
        <line num="65" count="4" type="stmt"/>
        <line num="66" count="4" type="stmt"/>
        <line num="67" count="4" type="stmt"/>
        <line num="71" count="4" type="stmt"/>
        <line num="75" count="16" type="stmt"/>
        <line num="76" count="16" type="cond" truecount="1" falsecount="1"/>
        <line num="77" count="0" type="stmt"/>
        <line num="82" count="1" type="stmt"/>
        <line num="83" count="1" type="stmt"/>
        <line num="85" count="1" type="stmt"/>
        <line num="86" count="1" type="stmt"/>
        <line num="87" count="1" type="stmt"/>
        <line num="88" count="1" type="stmt"/>
        <line num="93" count="1" type="stmt"/>
        <line num="94" count="7" type="cond" truecount="2" falsecount="0"/>
        <line num="95" count="1" type="stmt"/>
        <line num="96" count="1" type="stmt"/>
        <line num="100" count="1" type="stmt"/>
        <line num="101" count="1" type="stmt"/>
        <line num="102" count="3" type="stmt"/>
        <line num="103" count="3" type="stmt"/>
        <line num="104" count="3" type="stmt"/>
        <line num="105" count="3" type="cond" truecount="1" falsecount="1"/>
        <line num="106" count="3" type="stmt"/>
        <line num="107" count="3" type="stmt"/>
        <line num="108" count="3" type="stmt"/>
        <line num="112" count="3" type="cond" truecount="1" falsecount="1"/>
        <line num="113" count="0" type="stmt"/>
        <line num="115" count="3" type="stmt"/>
        <line num="118" count="1" type="cond" truecount="1" falsecount="1"/>
        <line num="119" count="0" type="stmt"/>
        <line num="120" count="0" type="stmt"/>
        <line num="121" count="0" type="stmt"/>
        <line num="125" count="1" type="stmt"/>
        <line num="132" count="1" type="stmt"/>
        <line num="133" count="1" type="cond" truecount="1" falsecount="1"/>
        <line num="134" count="0" type="stmt"/>
        <line num="137" count="1" type="stmt"/>
        <line num="138" count="1" type="stmt"/>
        <line num="140" count="1" type="stmt"/>
        <line num="143" count="1" type="stmt"/>
        <line num="146" count="1" type="stmt"/>
        <line num="151" count="1" type="stmt"/>
        <line num="152" count="1" type="stmt"/>
        <line num="153" count="1" type="stmt"/>
        <line num="154" count="1" type="stmt"/>
        <line num="159" count="4" type="stmt"/>
        <line num="160" count="4" type="stmt"/>
        <line num="162" count="4" type="stmt"/>
        <line num="164" count="2" type="stmt"/>
        <line num="167" count="4" type="stmt"/>
        <line num="169" count="2" type="stmt"/>
        <line num="170" count="2" type="stmt"/>
        <line num="172" count="2" type="stmt"/>
        <line num="176" count="2" type="stmt"/>
        <line num="178" count="2" type="stmt"/>
        <line num="182" count="2" type="stmt"/>
        <line num="189" count="1" type="stmt"/>
        <line num="190" count="1" type="stmt"/>
        <line num="198" count="20" type="stmt"/>
        <line num="199" count="20" type="stmt"/>
        <line num="200" count="20" type="stmt"/>
        <line num="236" count="4" type="stmt"/>
      </file>
      <file name="ReverseArrow.jsx" path="/Users/zacharia/Documents/code/HackReactor/project_catwalk/client/src/components/Related/ReverseArrow.jsx">
        <metrics statements="6" coveredstatements="6" conditionals="0" coveredconditionals="0" methods="1" coveredmethods="1"/>
        <line num="6" count="6" type="stmt"/>
        <line num="11" count="6" type="stmt"/>
        <line num="20" count="6" type="stmt"/>
        <line num="21" count="2" type="stmt"/>
        <line num="22" count="1" type="stmt"/>
        <line num="31" count="6" type="stmt"/>
      </file>
    </package>
    <package name="client.src.components.Reviews">
      <metrics statements="123" coveredstatements="84" conditionals="40" coveredconditionals="22" methods="56" coveredmethods="34"/>
      <file name="APIcalls.jsx" path="/Users/zacharia/Documents/code/HackReactor/project_catwalk/client/src/components/Reviews/APIcalls.jsx">
        <metrics statements="5" coveredstatements="3" conditionals="0" coveredconditionals="0" methods="4" coveredmethods="2"/>
        <line num="4" count="2" type="stmt"/>
        <line num="6" count="6" type="stmt"/>
        <line num="20" count="6" type="stmt"/>
        <line num="32" count="0" type="stmt"/>
        <line num="43" count="0" type="stmt"/>
      </file>
      <file name="breakdownProduct.jsx" path="/Users/zacharia/Documents/code/HackReactor/project_catwalk/client/src/components/Reviews/breakdownProduct.jsx">
        <metrics statements="12" coveredstatements="9" conditionals="6" coveredconditionals="5" methods="4" coveredmethods="3"/>
        <line num="5" count="3" type="stmt"/>
        <line num="8" count="17" type="stmt"/>
        <line num="9" count="17" type="stmt"/>
        <line num="10" count="0" type="stmt"/>
        <line num="11" count="0" type="stmt"/>
        <line num="14" count="17" type="cond" truecount="1" falsecount="1"/>
        <line num="15" count="17" type="stmt"/>
        <line num="16" count="64" type="stmt"/>
        <line num="24" count="17" type="stmt"/>
        <line num="32" count="20" type="cond" truecount="2" falsecount="0"/>
        <line num="33" count="7" type="stmt"/>
        <line num="45" count="0" type="stmt"/>
      </file>
      <file name="breakdownRating.jsx" path="/Users/zacharia/Documents/code/HackReactor/project_catwalk/client/src/components/Reviews/breakdownRating.jsx">
        <metrics statements="7" coveredstatements="7" conditionals="2" coveredconditionals="1" methods="2" coveredmethods="2"/>
        <line num="3" count="3" type="stmt"/>
        <line num="6" count="64" type="stmt"/>
        <line num="8" count="64" type="stmt"/>
        <line num="9" count="4" type="stmt"/>
        <line num="10" count="4" type="stmt"/>
        <line num="13" count="64" type="cond" truecount="1" falsecount="1"/>
        <line num="15" count="64" type="stmt"/>
      </file>
      <file name="breakdownScale.jsx" path="/Users/zacharia/Documents/code/HackReactor/project_catwalk/client/src/components/Reviews/breakdownScale.jsx">
        <metrics statements="3" coveredstatements="3" conditionals="0" coveredconditionals="0" methods="2" coveredmethods="2"/>
        <line num="3" count="3" type="stmt"/>
        <line num="4" count="17" type="stmt"/>
        <line num="6" count="40" type="stmt"/>
      </file>
      <file name="reviewList.jsx" path="/Users/zacharia/Documents/code/HackReactor/project_catwalk/client/src/components/Reviews/reviewList.jsx">
        <metrics statements="20" coveredstatements="14" conditionals="10" coveredconditionals="7" methods="10" coveredmethods="5"/>
        <line num="9" count="11" type="stmt"/>
        <line num="10" count="11" type="stmt"/>
        <line num="18" count="0" type="cond" truecount="0" falsecount="2"/>
        <line num="19" count="0" type="stmt"/>
        <line num="24" count="0" type="stmt"/>
        <line num="32" count="4" type="stmt"/>
        <line num="37" count="1" type="stmt"/>
        <line num="43" count="0" type="stmt"/>
        <line num="47" count="0" type="stmt"/>
        <line num="51" count="0" type="stmt"/>
        <line num="55" count="24" type="stmt"/>
        <line num="56" count="24" type="stmt"/>
        <line num="57" count="24" type="cond" truecount="2" falsecount="0"/>
        <line num="58" count="10" type="stmt"/>
        <line num="59" count="170" type="cond" truecount="2" falsecount="0"/>
        <line num="62" count="20" type="cond" truecount="1" falsecount="1"/>
        <line num="63" count="20" type="stmt"/>
        <line num="65" count="20" type="stmt"/>
        <line num="72" count="10" type="stmt"/>
        <line num="101" count="3" type="stmt"/>
      </file>
      <file name="reviewModal.jsx" path="/Users/zacharia/Documents/code/HackReactor/project_catwalk/client/src/components/Reviews/reviewModal.jsx">
        <metrics statements="25" coveredstatements="15" conditionals="10" coveredconditionals="1" methods="10" coveredmethods="8"/>
        <line num="7" count="6" type="stmt"/>
        <line num="8" count="6" type="stmt"/>
        <line num="18" count="6" type="stmt"/>
        <line num="19" count="1" type="stmt"/>
        <line num="29" count="1" type="stmt"/>
        <line num="30" count="1" type="cond" truecount="1" falsecount="1"/>
        <line num="31" count="1" type="stmt"/>
        <line num="32" count="0" type="cond" truecount="0" falsecount="2"/>
        <line num="33" count="0" type="stmt"/>
        <line num="36" count="0" type="cond" truecount="0" falsecount="2"/>
        <line num="37" count="0" type="stmt"/>
        <line num="38" count="0" type="cond" truecount="0" falsecount="2"/>
        <line num="39" count="0" type="stmt"/>
        <line num="40" count="0" type="cond" truecount="0" falsecount="2"/>
        <line num="41" count="0" type="stmt"/>
        <line num="43" count="0" type="stmt"/>
        <line num="48" count="6" type="stmt"/>
        <line num="53" count="2" type="stmt"/>
        <line num="54" count="2" type="stmt"/>
        <line num="60" count="20" type="stmt"/>
        <line num="69" count="0" type="stmt"/>
        <line num="75" count="39" type="stmt"/>
        <line num="76" count="39" type="stmt"/>
        <line num="77" count="156" type="stmt"/>
        <line num="97" count="39" type="stmt"/>
      </file>
      <file name="reviewTile.jsx" path="/Users/zacharia/Documents/code/HackReactor/project_catwalk/client/src/components/Reviews/reviewTile.jsx">
        <metrics statements="10" coveredstatements="10" conditionals="4" coveredconditionals="3" methods="2" coveredmethods="2"/>
        <line num="4" count="4" type="stmt"/>
        <line num="5" count="24" type="stmt"/>
        <line num="8" count="24" type="stmt"/>
        <line num="9" count="24" type="stmt"/>
        <line num="10" count="24" type="stmt"/>
        <line num="11" count="24" type="stmt"/>
        <line num="12" count="24" type="stmt"/>
        <line num="14" count="24" type="stmt"/>
        <line num="15" count="3" type="stmt"/>
        <line num="17" count="24" type="stmt"/>
      </file>
      <file name="reviewapp.jsx" path="/Users/zacharia/Documents/code/HackReactor/project_catwalk/client/src/components/Reviews/reviewapp.jsx">
        <metrics statements="41" coveredstatements="23" conditionals="8" coveredconditionals="5" methods="22" coveredmethods="10"/>
        <line num="8" count="6" type="stmt"/>
        <line num="9" count="6" type="stmt"/>
        <line num="30" count="6" type="stmt"/>
        <line num="34" count="6" type="stmt"/>
        <line num="35" count="6" type="stmt"/>
        <line num="37" count="4" type="stmt"/>
        <line num="42" count="0" type="stmt"/>
        <line num="44" count="6" type="stmt"/>
        <line num="46" count="5" type="stmt"/>
        <line num="53" count="0" type="stmt"/>
        <line num="58" count="0" type="stmt"/>
        <line num="60" count="0" type="stmt"/>
        <line num="61" count="0" type="stmt"/>
        <line num="64" count="0" type="stmt"/>
        <line num="69" count="0" type="stmt"/>
        <line num="70" count="0" type="stmt"/>
        <line num="71" count="0" type="stmt"/>
        <line num="73" count="0" type="stmt"/>
        <line num="75" count="0" type="stmt"/>
        <line num="76" count="0" type="stmt"/>
        <line num="79" count="0" type="stmt"/>
        <line num="82" count="0" type="stmt"/>
        <line num="87" count="0" type="stmt"/>
        <line num="93" count="14" type="stmt"/>
        <line num="94" count="14" type="stmt"/>
        <line num="95" count="14" type="stmt"/>
        <line num="96" count="14" type="stmt"/>
        <line num="97" count="14" type="stmt"/>
        <line num="98" count="49" type="stmt"/>
        <line num="99" count="49" type="stmt"/>
        <line num="101" count="14" type="stmt"/>
        <line num="106" count="4" type="cond" truecount="2" falsecount="0"/>
        <line num="107" count="2" type="stmt"/>
        <line num="118" count="2" type="cond" truecount="2" falsecount="2"/>
        <line num="120" count="0" type="stmt"/>
        <line num="130" count="2" type="cond" truecount="1" falsecount="1"/>
        <line num="132" count="0" type="stmt"/>
        <line num="140" count="2" type="stmt"/>
        <line num="151" count="0" type="stmt"/>
        <line num="166" count="14" type="stmt"/>
        <line num="167" count="14" type="stmt"/>
      </file>
    </package>
    <package name="server">
      <metrics statements="119" coveredstatements="50" conditionals="0" coveredconditionals="0" methods="39" coveredmethods="9"/>
      <file name="config.js" path="/Users/zacharia/Documents/code/HackReactor/project_catwalk/server/config.js">
        <metrics statements="2" coveredstatements="2" conditionals="0" coveredconditionals="0" methods="0" coveredmethods="0"/>
        <line num="1" count="1" type="stmt"/>
        <line num="2" count="1" type="stmt"/>
      </file>
      <file name="index.js" path="/Users/zacharia/Documents/code/HackReactor/project_catwalk/server/index.js">
        <metrics statements="117" coveredstatements="48" conditionals="0" coveredconditionals="0" methods="39" coveredmethods="9"/>
        <line num="1" count="1" type="stmt"/>
        <line num="2" count="1" type="stmt"/>
        <line num="3" count="1" type="stmt"/>
        <line num="5" count="1" type="stmt"/>
        <line num="6" count="1" type="stmt"/>
        <line num="7" count="1" type="stmt"/>
        <line num="9" count="1" type="stmt"/>
        <line num="10" count="1" type="stmt"/>
        <line num="12" count="1" type="stmt"/>
        <line num="15" count="1" type="stmt"/>
        <line num="16" count="5" type="stmt"/>
        <line num="17" count="5" type="stmt"/>
        <line num="18" count="5" type="stmt"/>
        <line num="19" count="5" type="stmt"/>
        <line num="21" count="5" type="stmt"/>
        <line num="23" count="5" type="stmt"/>
        <line num="26" count="0" type="stmt"/>
        <line num="30" count="1" type="stmt"/>
        <line num="31" count="4" type="stmt"/>
        <line num="32" count="4" type="stmt"/>
        <line num="33" count="4" type="stmt"/>
        <line num="34" count="4" type="stmt"/>
        <line num="36" count="4" type="stmt"/>
        <line num="38" count="1" type="stmt"/>
        <line num="41" count="3" type="stmt"/>
        <line num="45" count="1" type="stmt"/>
        <line num="46" count="1" type="stmt"/>
        <line num="47" count="1" type="stmt"/>
        <line num="48" count="1" type="stmt"/>
        <line num="49" count="1" type="stmt"/>
        <line num="51" count="1" type="stmt"/>
        <line num="53" count="1" type="stmt"/>
        <line num="56" count="0" type="stmt"/>
        <line num="60" count="1" type="stmt"/>
        <line num="61" count="1" type="stmt"/>
        <line num="62" count="1" type="stmt"/>
        <line num="63" count="1" type="stmt"/>
        <line num="64" count="1" type="stmt"/>
        <line num="66" count="1" type="stmt"/>
        <line num="68" count="1" type="stmt"/>
        <line num="71" count="0" type="stmt"/>
        <line num="75" count="1" type="stmt"/>
        <line num="76" count="0" type="stmt"/>
        <line num="77" count="0" type="stmt"/>
        <line num="78" count="0" type="stmt"/>
        <line num="79" count="0" type="stmt"/>
        <line num="81" count="0" type="stmt"/>
        <line num="83" count="0" type="stmt"/>
        <line num="86" count="0" type="stmt"/>
        <line num="92" count="1" type="stmt"/>
        <line num="93" count="0" type="stmt"/>
        <line num="94" count="0" type="stmt"/>
        <line num="95" count="0" type="stmt"/>
        <line num="96" count="0" type="stmt"/>
        <line num="97" count="0" type="stmt"/>
        <line num="99" count="0" type="stmt"/>
        <line num="101" count="0" type="stmt"/>
        <line num="104" count="0" type="stmt"/>
        <line num="108" count="1" type="stmt"/>
        <line num="109" count="0" type="stmt"/>
        <line num="110" count="0" type="stmt"/>
        <line num="111" count="0" type="stmt"/>
        <line num="112" count="0" type="stmt"/>
        <line num="114" count="0" type="stmt"/>
        <line num="116" count="0" type="stmt"/>
        <line num="117" count="0" type="stmt"/>
        <line num="120" count="0" type="stmt"/>
        <line num="125" count="1" type="stmt"/>
        <line num="126" count="0" type="stmt"/>
        <line num="127" count="0" type="stmt"/>
        <line num="128" count="0" type="stmt"/>
        <line num="129" count="0" type="stmt"/>
        <line num="131" count="0" type="stmt"/>
        <line num="133" count="0" type="stmt"/>
        <line num="136" count="0" type="stmt"/>
        <line num="141" count="1" type="stmt"/>
        <line num="142" count="0" type="stmt"/>
        <line num="144" count="0" type="stmt"/>
        <line num="145" count="0" type="stmt"/>
        <line num="146" count="0" type="stmt"/>
        <line num="148" count="0" type="stmt"/>
        <line num="150" count="0" type="stmt"/>
        <line num="152" count="0" type="stmt"/>
        <line num="155" count="0" type="stmt"/>
        <line num="160" count="1" type="stmt"/>
        <line num="161" count="0" type="stmt"/>
        <line num="162" count="0" type="stmt"/>
        <line num="163" count="0" type="stmt"/>
        <line num="164" count="0" type="stmt"/>
        <line num="165" count="0" type="stmt"/>
        <line num="167" count="0" type="stmt"/>
        <line num="170" count="0" type="stmt"/>
        <line num="175" count="1" type="stmt"/>
        <line num="176" count="0" type="stmt"/>
        <line num="177" count="0" type="stmt"/>
        <line num="178" count="0" type="stmt"/>
        <line num="179" count="0" type="stmt"/>
        <line num="181" count="0" type="stmt"/>
        <line num="183" count="0" type="stmt"/>
        <line num="186" count="0" type="stmt"/>
        <line num="191" count="1" type="stmt"/>
        <line num="192" count="0" type="stmt"/>
        <line num="193" count="0" type="stmt"/>
        <line num="194" count="0" type="stmt"/>
        <line num="195" count="0" type="stmt"/>
        <line num="197" count="0" type="stmt"/>
        <line num="199" count="0" type="stmt"/>
        <line num="202" count="0" type="stmt"/>
        <line num="207" count="1" type="stmt"/>
        <line num="208" count="0" type="stmt"/>
        <line num="209" count="0" type="stmt"/>
        <line num="210" count="0" type="stmt"/>
        <line num="211" count="0" type="stmt"/>
        <line num="213" count="0" type="stmt"/>
        <line num="215" count="0" type="stmt"/>
        <line num="218" count="0" type="stmt"/>
        <line num="222" count="1" type="stmt"/>
      </file>
    </package>
  </project>
</coverage>
