{"/Users/zacharia/Documents/code/HackReactor/project_catwalk/client/config.js": {"path":"/Users/zacharia/Documents/code/HackReactor/project_catwalk/client/config.js","statementMap":{"0":{"start":{"line":1,"column":16},"end":{"line":1,"column":58}}},"fnMap":{},"branchMap":{},"s":{"0":13},"f":{},"b":{},"_coverageSchema":"1a1c01bbd47fc00a2c39e90264f33305004495a9","hash":"cfcbc1d3f34dea8edffb19b28f98663b28f2e321"}
,"/Users/zacharia/Documents/code/HackReactor/project_catwalk/client/src/utils.js": {"path":"/Users/zacharia/Documents/code/HackReactor/project_catwalk/client/src/utils.js","statementMap":{"0":{"start":{"line":5,"column":16},"end":{"line":5,"column":55}},"1":{"start":{"line":7,"column":29},"end":{"line":7,"column":106}},"2":{"start":{"line":7,"column":46},"end":{"line":7,"column":106}},"3":{"start":{"line":9,"column":19},"end":{"line":9,"column":64}},"4":{"start":{"line":9,"column":27},"end":{"line":9,"column":64}},"5":{"start":{"line":11,"column":25},"end":{"line":11,"column":77}},"6":{"start":{"line":11,"column":33},"end":{"line":11,"column":77}},"7":{"start":{"line":13,"column":26},"end":{"line":13,"column":79}},"8":{"start":{"line":13,"column":34},"end":{"line":13,"column":79}},"9":{"start":{"line":15,"column":23},"end":{"line":15,"column":76}},"10":{"start":{"line":15,"column":31},"end":{"line":15,"column":76}},"11":{"start":{"line":17,"column":28},"end":{"line":21,"column":1}},"12":{"start":{"line":18,"column":2},"end":{"line":20,"column":34}},"13":{"start":{"line":19,"column":26},"end":{"line":19,"column":50}},"14":{"start":{"line":20,"column":22},"end":{"line":20,"column":30}},"15":{"start":{"line":23,"column":19},"end":{"line":25,"column":1}},"16":{"start":{"line":24,"column":2},"end":{"line":24,"column":57}},"17":{"start":{"line":27,"column":21},"end":{"line":29,"column":1}},"18":{"start":{"line":28,"column":2},"end":{"line":28,"column":74}},"19":{"start":{"line":31,"column":20},"end":{"line":33,"column":1}},"20":{"start":{"line":32,"column":2},"end":{"line":32,"column":64}},"21":{"start":{"line":35,"column":18},"end":{"line":37,"column":1}},"22":{"start":{"line":36,"column":2},"end":{"line":36,"column":70}},"23":{"start":{"line":39,"column":28},"end":{"line":41,"column":1}},"24":{"start":{"line":40,"column":2},"end":{"line":40,"column":67}},"25":{"start":{"line":43,"column":26},"end":{"line":45,"column":1}},"26":{"start":{"line":44,"column":2},"end":{"line":44,"column":63}},"27":{"start":{"line":47,"column":23},"end":{"line":49,"column":1}},"28":{"start":{"line":48,"column":2},"end":{"line":48,"column":57}},"29":{"start":{"line":51,"column":21},"end":{"line":53,"column":1}},"30":{"start":{"line":52,"column":2},"end":{"line":52,"column":53}}},"fnMap":{"0":{"name":"(anonymous_0)","decl":{"start":{"line":7,"column":29},"end":{"line":7,"column":30}},"loc":{"start":{"line":7,"column":46},"end":{"line":7,"column":106}},"line":7},"1":{"name":"(anonymous_1)","decl":{"start":{"line":9,"column":19},"end":{"line":9,"column":20}},"loc":{"start":{"line":9,"column":27},"end":{"line":9,"column":64}},"line":9},"2":{"name":"(anonymous_2)","decl":{"start":{"line":11,"column":25},"end":{"line":11,"column":26}},"loc":{"start":{"line":11,"column":33},"end":{"line":11,"column":77}},"line":11},"3":{"name":"(anonymous_3)","decl":{"start":{"line":13,"column":26},"end":{"line":13,"column":27}},"loc":{"start":{"line":13,"column":34},"end":{"line":13,"column":79}},"line":13},"4":{"name":"(anonymous_4)","decl":{"start":{"line":15,"column":23},"end":{"line":15,"column":24}},"loc":{"start":{"line":15,"column":31},"end":{"line":15,"column":76}},"line":15},"5":{"name":"(anonymous_5)","decl":{"start":{"line":17,"column":28},"end":{"line":17,"column":29}},"loc":{"start":{"line":17,"column":40},"end":{"line":21,"column":1}},"line":17},"6":{"name":"(anonymous_6)","decl":{"start":{"line":19,"column":10},"end":{"line":19,"column":11}},"loc":{"start":{"line":19,"column":24},"end":{"line":19,"column":52}},"line":19},"7":{"name":"(anonymous_7)","decl":{"start":{"line":20,"column":11},"end":{"line":20,"column":12}},"loc":{"start":{"line":20,"column":20},"end":{"line":20,"column":32}},"line":20},"8":{"name":"(anonymous_8)","decl":{"start":{"line":23,"column":19},"end":{"line":23,"column":20}},"loc":{"start":{"line":23,"column":35},"end":{"line":25,"column":1}},"line":23},"9":{"name":"(anonymous_9)","decl":{"start":{"line":27,"column":21},"end":{"line":27,"column":22}},"loc":{"start":{"line":27,"column":43},"end":{"line":29,"column":1}},"line":27},"10":{"name":"(anonymous_10)","decl":{"start":{"line":31,"column":20},"end":{"line":31,"column":21}},"loc":{"start":{"line":31,"column":38},"end":{"line":33,"column":1}},"line":31},"11":{"name":"(anonymous_11)","decl":{"start":{"line":35,"column":18},"end":{"line":35,"column":19}},"loc":{"start":{"line":35,"column":46},"end":{"line":37,"column":1}},"line":35},"12":{"name":"(anonymous_12)","decl":{"start":{"line":39,"column":28},"end":{"line":39,"column":29}},"loc":{"start":{"line":39,"column":44},"end":{"line":41,"column":1}},"line":39},"13":{"name":"(anonymous_13)","decl":{"start":{"line":43,"column":26},"end":{"line":43,"column":27}},"loc":{"start":{"line":43,"column":40},"end":{"line":45,"column":1}},"line":43},"14":{"name":"(anonymous_14)","decl":{"start":{"line":47,"column":23},"end":{"line":47,"column":24}},"loc":{"start":{"line":47,"column":39},"end":{"line":49,"column":1}},"line":47},"15":{"name":"(anonymous_15)","decl":{"start":{"line":51,"column":21},"end":{"line":51,"column":22}},"loc":{"start":{"line":51,"column":35},"end":{"line":53,"column":1}},"line":51}},"branchMap":{},"s":{"0":11,"1":11,"2":0,"3":11,"4":20,"5":11,"6":15,"7":11,"8":4,"9":11,"10":15,"11":11,"12":0,"13":0,"14":0,"15":11,"16":1,"17":11,"18":0,"19":11,"20":0,"21":11,"22":0,"23":11,"24":1,"25":11,"26":1,"27":11,"28":0,"29":11,"30":0},"f":{"0":0,"1":20,"2":15,"3":4,"4":15,"5":0,"6":0,"7":0,"8":1,"9":0,"10":0,"11":0,"12":1,"13":1,"14":0,"15":0},"b":{},"_coverageSchema":"1a1c01bbd47fc00a2c39e90264f33305004495a9","hash":"8917bf66317022a0dd296486e3fea88b1568f3b2"}
,"/Users/zacharia/Documents/code/HackReactor/project_catwalk/client/src/components/App.jsx": {"path":"/Users/zacharia/Documents/code/HackReactor/project_catwalk/client/src/components/App.jsx","statementMap":{"0":{"start":{"line":9,"column":4},"end":{"line":9,"column":12}},"1":{"start":{"line":10,"column":4},"end":{"line":14,"column":6}},"2":{"start":{"line":15,"column":4},"end":{"line":15,"column":57}},"3":{"start":{"line":19,"column":40},"end":{"line":19,"column":46}},"4":{"start":{"line":20,"column":4},"end":{"line":23,"column":7}},"5":{"start":{"line":27,"column":4},"end":{"line":27,"column":42}},"6":{"start":{"line":31,"column":56},"end":{"line":31,"column":66}},"7":{"start":{"line":32,"column":4},"end":{"line":48,"column":6}}},"fnMap":{"0":{"name":"(anonymous_0)","decl":{"start":{"line":8,"column":2},"end":{"line":8,"column":3}},"loc":{"start":{"line":8,"column":16},"end":{"line":16,"column":3}},"line":8},"1":{"name":"(anonymous_1)","decl":{"start":{"line":18,"column":2},"end":{"line":18,"column":3}},"loc":{"start":{"line":18,"column":22},"end":{"line":24,"column":3}},"line":18},"2":{"name":"(anonymous_2)","decl":{"start":{"line":26,"column":2},"end":{"line":26,"column":3}},"loc":{"start":{"line":26,"column":21},"end":{"line":28,"column":3}},"line":26},"3":{"name":"(anonymous_3)","decl":{"start":{"line":30,"column":2},"end":{"line":30,"column":3}},"loc":{"start":{"line":30,"column":11},"end":{"line":49,"column":3}},"line":30}},"branchMap":{},"s":{"0":1,"1":1,"2":1,"3":1,"4":1,"5":0,"6":2,"7":2},"f":{"0":1,"1":1,"2":0,"3":2},"b":{},"_coverageSchema":"1a1c01bbd47fc00a2c39e90264f33305004495a9","hash":"0e8eaa67630d14edb0bfba002eb6babcdc8a8ec7"}
,"/Users/zacharia/Documents/code/HackReactor/project_catwalk/client/src/components/Questions/AddQuestion.jsx": {"path":"/Users/zacharia/Documents/code/HackReactor/project_catwalk/client/src/components/Questions/AddQuestion.jsx","statementMap":{"0":{"start":{"line":5,"column":20},"end":{"line":5,"column":46}},"1":{"start":{"line":7,"column":20},"end":{"line":36,"column":1}},"2":{"start":{"line":8,"column":14},"end":{"line":8,"column":81}},"3":{"start":{"line":10,"column":22},"end":{"line":29,"column":3}},"4":{"start":{"line":11,"column":17},"end":{"line":16,"column":5}},"5":{"start":{"line":18,"column":20},"end":{"line":21,"column":5}},"6":{"start":{"line":23,"column":19},"end":{"line":23,"column":30}},"7":{"start":{"line":25,"column":4},"end":{"line":28,"column":9}},"8":{"start":{"line":27,"column":8},"end":{"line":27,"column":25}},"9":{"start":{"line":31,"column":2},"end":{"line":35,"column":4}}},"fnMap":{"0":{"name":"(anonymous_0)","decl":{"start":{"line":7,"column":20},"end":{"line":7,"column":21}},"loc":{"start":{"line":7,"column":26},"end":{"line":36,"column":1}},"line":7},"1":{"name":"(anonymous_1)","decl":{"start":{"line":10,"column":22},"end":{"line":10,"column":23}},"loc":{"start":{"line":10,"column":28},"end":{"line":29,"column":3}},"line":10},"2":{"name":"(anonymous_2)","decl":{"start":{"line":26,"column":12},"end":{"line":26,"column":13}},"loc":{"start":{"line":26,"column":21},"end":{"line":28,"column":7}},"line":26}},"branchMap":{},"s":{"0":4,"1":4,"2":2,"3":2,"4":1,"5":1,"6":1,"7":1,"8":0,"9":2},"f":{"0":2,"1":1,"2":0},"b":{},"_coverageSchema":"1a1c01bbd47fc00a2c39e90264f33305004495a9","hash":"8ab6efb62cc1a32d7cc409f64502f1df4aee0769"}
,"/Users/zacharia/Documents/code/HackReactor/project_catwalk/client/src/components/Questions/AnswerElement.jsx": {"path":"/Users/zacharia/Documents/code/HackReactor/project_catwalk/client/src/components/Questions/AnswerElement.jsx","statementMap":{"0":{"start":{"line":9,"column":13},"end":{"line":15,"column":1}},"1":{"start":{"line":17,"column":20},"end":{"line":25,"column":1}},"2":{"start":{"line":27,"column":22},"end":{"line":120,"column":1}},"3":{"start":{"line":35,"column":6},"end":{"line":35,"column":10}},"4":{"start":{"line":38,"column":40},"end":{"line":38,"column":55}},"5":{"start":{"line":39,"column":38},"end":{"line":39,"column":53}},"6":{"start":{"line":40,"column":40},"end":{"line":40,"column":55}},"7":{"start":{"line":42,"column":2},"end":{"line":44,"column":9}},"8":{"start":{"line":43,"column":4},"end":{"line":43,"column":33}},"9":{"start":{"line":46,"column":24},"end":{"line":46,"column":41}},"10":{"start":{"line":48,"column":24},"end":{"line":61,"column":3}},"11":{"start":{"line":49,"column":4},"end":{"line":60,"column":5}},"12":{"start":{"line":50,"column":6},"end":{"line":50,"column":41}},"13":{"start":{"line":51,"column":6},"end":{"line":51,"column":26}},"14":{"start":{"line":52,"column":6},"end":{"line":59,"column":11}},"15":{"start":{"line":55,"column":10},"end":{"line":55,"column":60}},"16":{"start":{"line":58,"column":10},"end":{"line":58,"column":37}},"17":{"start":{"line":63,"column":23},"end":{"line":79,"column":3}},"18":{"start":{"line":64,"column":4},"end":{"line":78,"column":5}},"19":{"start":{"line":65,"column":6},"end":{"line":65,"column":48}},"20":{"start":{"line":65,"column":36},"end":{"line":65,"column":46}},"21":{"start":{"line":66,"column":6},"end":{"line":77,"column":11}},"22":{"start":{"line":69,"column":10},"end":{"line":69,"column":58}},"23":{"start":{"line":72,"column":10},"end":{"line":72,"column":37}},"24":{"start":{"line":76,"column":10},"end":{"line":76,"column":38}},"25":{"start":{"line":81,"column":2},"end":{"line":119,"column":4}},"26":{"start":{"line":90,"column":45},"end":{"line":90,"column":114}},"27":{"start":{"line":122,"column":0},"end":{"line":131,"column":2}},"28":{"start":{"line":133,"column":0},"end":{"line":143,"column":2}}},"fnMap":{"0":{"name":"(anonymous_0)","decl":{"start":{"line":27,"column":22},"end":{"line":27,"column":23}},"loc":{"start":{"line":27,"column":64},"end":{"line":120,"column":1}},"line":27},"1":{"name":"(anonymous_1)","decl":{"start":{"line":42,"column":12},"end":{"line":42,"column":13}},"loc":{"start":{"line":42,"column":18},"end":{"line":44,"column":3}},"line":42},"2":{"name":"(anonymous_2)","decl":{"start":{"line":48,"column":24},"end":{"line":48,"column":25}},"loc":{"start":{"line":48,"column":30},"end":{"line":61,"column":3}},"line":48},"3":{"name":"(anonymous_3)","decl":{"start":{"line":53,"column":14},"end":{"line":53,"column":15}},"loc":{"start":{"line":53,"column":23},"end":{"line":56,"column":9}},"line":53},"4":{"name":"(anonymous_4)","decl":{"start":{"line":57,"column":14},"end":{"line":57,"column":15}},"loc":{"start":{"line":57,"column":20},"end":{"line":59,"column":9}},"line":57},"5":{"name":"(anonymous_5)","decl":{"start":{"line":63,"column":23},"end":{"line":63,"column":24}},"loc":{"start":{"line":63,"column":29},"end":{"line":79,"column":3}},"line":63},"6":{"name":"(anonymous_6)","decl":{"start":{"line":65,"column":21},"end":{"line":65,"column":22}},"loc":{"start":{"line":65,"column":36},"end":{"line":65,"column":46}},"line":65},"7":{"name":"(anonymous_7)","decl":{"start":{"line":67,"column":14},"end":{"line":67,"column":15}},"loc":{"start":{"line":67,"column":23},"end":{"line":70,"column":9}},"line":67},"8":{"name":"(anonymous_8)","decl":{"start":{"line":71,"column":14},"end":{"line":71,"column":15}},"loc":{"start":{"line":71,"column":20},"end":{"line":73,"column":9}},"line":71},"9":{"name":"(anonymous_9)","decl":{"start":{"line":74,"column":15},"end":{"line":74,"column":16}},"loc":{"start":{"line":74,"column":26},"end":{"line":77,"column":9}},"line":74},"10":{"name":"(anonymous_10)","decl":{"start":{"line":90,"column":31},"end":{"line":90,"column":32}},"loc":{"start":{"line":90,"column":45},"end":{"line":90,"column":114}},"line":90}},"branchMap":{"0":{"loc":{"start":{"line":49,"column":4},"end":{"line":60,"column":5}},"type":"if","locations":[{"start":{"line":49,"column":4},"end":{"line":60,"column":5}},{"start":{},"end":{}}],"line":49},"1":{"loc":{"start":{"line":64,"column":4},"end":{"line":78,"column":5}},"type":"if","locations":[{"start":{"line":64,"column":4},"end":{"line":78,"column":5}},{"start":{},"end":{}}],"line":64},"2":{"loc":{"start":{"line":88,"column":16},"end":{"line":91,"column":28}},"type":"cond-expr","locations":[{"start":{"line":90,"column":20},"end":{"line":90,"column":115}},{"start":{"line":91,"column":20},"end":{"line":91,"column":28}}],"line":88},"3":{"loc":{"start":{"line":109,"column":16},"end":{"line":111,"column":102}},"type":"cond-expr","locations":[{"start":{"line":110,"column":20},"end":{"line":110,"column":93}},{"start":{"line":111,"column":20},"end":{"line":111,"column":102}}],"line":109}},"s":{"0":6,"1":6,"2":6,"3":5,"4":5,"5":5,"6":5,"7":5,"8":2,"9":5,"10":5,"11":1,"12":1,"13":1,"14":1,"15":0,"16":0,"17":5,"18":0,"19":0,"20":0,"21":0,"22":0,"23":0,"24":0,"25":5,"26":5,"27":6,"28":6},"f":{"0":5,"1":2,"2":1,"3":0,"4":0,"5":0,"6":0,"7":0,"8":0,"9":0,"10":5},"b":{"0":[1,0],"1":[0,0],"2":[5,0],"3":[5,0]},"_coverageSchema":"1a1c01bbd47fc00a2c39e90264f33305004495a9","hash":"6b5df5ee9c2d265ae1532dfef01de0ca07744372"}
,"/Users/zacharia/Documents/code/HackReactor/project_catwalk/client/src/components/Questions/AnswerInnerList.jsx": {"path":"/Users/zacharia/Documents/code/HackReactor/project_catwalk/client/src/components/Questions/AnswerInnerList.jsx","statementMap":{"0":{"start":{"line":6,"column":24},"end":{"line":14,"column":1}},"1":{"start":{"line":16,"column":14},"end":{"line":21,"column":1}},"2":{"start":{"line":23,"column":16},"end":{"line":27,"column":1}},"3":{"start":{"line":29,"column":24},"end":{"line":67,"column":1}},"4":{"start":{"line":30,"column":40},"end":{"line":30,"column":52}},"5":{"start":{"line":39,"column":6},"end":{"line":39,"column":11}},"6":{"start":{"line":42,"column":24},"end":{"line":42,"column":77}},"7":{"start":{"line":42,"column":47},"end":{"line":42,"column":76}},"8":{"start":{"line":44,"column":2},"end":{"line":66,"column":4}},"9":{"start":{"line":53,"column":14},"end":{"line":60,"column":16}}},"fnMap":{"0":{"name":"(anonymous_0)","decl":{"start":{"line":29,"column":24},"end":{"line":29,"column":25}},"loc":{"start":{"line":29,"column":35},"end":{"line":67,"column":1}},"line":29},"1":{"name":"(anonymous_1)","decl":{"start":{"line":42,"column":37},"end":{"line":42,"column":38}},"loc":{"start":{"line":42,"column":47},"end":{"line":42,"column":76}},"line":42},"2":{"name":"(anonymous_2)","decl":{"start":{"line":52,"column":30},"end":{"line":52,"column":31}},"loc":{"start":{"line":53,"column":14},"end":{"line":60,"column":16}},"line":53}},"branchMap":{},"s":{"0":5,"1":5,"2":5,"3":5,"4":8,"5":7,"6":7,"7":0,"8":1,"9":0},"f":{"0":8,"1":0,"2":0},"b":{},"_coverageSchema":"1a1c01bbd47fc00a2c39e90264f33305004495a9","hash":"43f271ac79c1a62584a371fe9abd7c29ed423cbe"}
,"/Users/zacharia/Documents/code/HackReactor/project_catwalk/client/src/components/Questions/ModalAddQuestion.jsx": {"path":"/Users/zacharia/Documents/code/HackReactor/project_catwalk/client/src/components/Questions/ModalAddQuestion.jsx","statementMap":{"0":{"start":{"line":5,"column":20},"end":{"line":7,"column":1}},"1":{"start":{"line":9,"column":25},"end":{"line":32,"column":1}},"2":{"start":{"line":10,"column":30},"end":{"line":10,"column":45}},"3":{"start":{"line":13,"column":4},"end":{"line":13,"column":23}},"4":{"start":{"line":16,"column":2},"end":{"line":31,"column":4}}},"fnMap":{"0":{"name":"(anonymous_0)","decl":{"start":{"line":9,"column":25},"end":{"line":9,"column":26}},"loc":{"start":{"line":9,"column":31},"end":{"line":32,"column":1}},"line":9},"1":{"name":"toggleModal","decl":{"start":{"line":12,"column":11},"end":{"line":12,"column":22}},"loc":{"start":{"line":12,"column":25},"end":{"line":14,"column":3}},"line":12}},"branchMap":{},"s":{"0":3,"1":3,"2":0,"3":0,"4":0},"f":{"0":0,"1":0},"b":{},"_coverageSchema":"1a1c01bbd47fc00a2c39e90264f33305004495a9","hash":"7619a2aba88afb1a7eb0cd1e55b0ef257bfeac02"}
,"/Users/zacharia/Documents/code/HackReactor/project_catwalk/client/src/components/Questions/QAContainer.jsx": {"path":"/Users/zacharia/Documents/code/HackReactor/project_catwalk/client/src/components/Questions/QAContainer.jsx","statementMap":{"0":{"start":{"line":11,"column":4},"end":{"line":11,"column":17}},"1":{"start":{"line":12,"column":4},"end":{"line":14,"column":6}},"2":{"start":{"line":15,"column":4},"end":{"line":15,"column":53}},"3":{"start":{"line":19,"column":4},"end":{"line":19,"column":24}},"4":{"start":{"line":23,"column":54},"end":{"line":23,"column":64}},"5":{"start":{"line":24,"column":4},"end":{"line":31,"column":9}},"6":{"start":{"line":27,"column":8},"end":{"line":27,"column":88}},"7":{"start":{"line":27,"column":39},"end":{"line":27,"column":84}},"8":{"start":{"line":30,"column":8},"end":{"line":30,"column":42}},"9":{"start":{"line":42,"column":8},"end":{"line":42,"column":18}},"10":{"start":{"line":43,"column":24},"end":{"line":43,"column":34}},"11":{"start":{"line":45,"column":4},"end":{"line":65,"column":6}},"12":{"start":{"line":69,"column":0},"end":{"line":74,"column":2}},"13":{"start":{"line":76,"column":0},"end":{"line":81,"column":2}}},"fnMap":{"0":{"name":"(anonymous_0)","decl":{"start":{"line":10,"column":2},"end":{"line":10,"column":3}},"loc":{"start":{"line":10,"column":21},"end":{"line":16,"column":3}},"line":10},"1":{"name":"(anonymous_1)","decl":{"start":{"line":18,"column":2},"end":{"line":18,"column":3}},"loc":{"start":{"line":18,"column":22},"end":{"line":20,"column":3}},"line":18},"2":{"name":"(anonymous_2)","decl":{"start":{"line":22,"column":2},"end":{"line":22,"column":3}},"loc":{"start":{"line":22,"column":17},"end":{"line":32,"column":3}},"line":22},"3":{"name":"(anonymous_3)","decl":{"start":{"line":25,"column":12},"end":{"line":25,"column":13}},"loc":{"start":{"line":25,"column":21},"end":{"line":28,"column":7}},"line":25},"4":{"name":"(anonymous_4)","decl":{"start":{"line":27,"column":22},"end":{"line":27,"column":23}},"loc":{"start":{"line":27,"column":37},"end":{"line":27,"column":86}},"line":27},"5":{"name":"(anonymous_5)","decl":{"start":{"line":29,"column":13},"end":{"line":29,"column":14}},"loc":{"start":{"line":29,"column":22},"end":{"line":31,"column":7}},"line":29},"6":{"name":"(anonymous_6)","decl":{"start":{"line":34,"column":2},"end":{"line":34,"column":3}},"loc":{"start":{"line":34,"column":11},"end":{"line":66,"column":3}},"line":34}},"branchMap":{},"s":{"0":1,"1":1,"2":1,"3":1,"4":1,"5":1,"6":0,"7":0,"8":0,"9":1,"10":1,"11":1,"12":4,"13":4},"f":{"0":1,"1":1,"2":1,"3":0,"4":0,"5":0,"6":1},"b":{},"_coverageSchema":"1a1c01bbd47fc00a2c39e90264f33305004495a9","hash":"b572370c2cff5bb2a05e7f55beaf11021f21c919"}
,"/Users/zacharia/Documents/code/HackReactor/project_catwalk/client/src/components/Questions/QuestionElement.jsx": {"path":"/Users/zacharia/Documents/code/HackReactor/project_catwalk/client/src/components/Questions/QuestionElement.jsx","statementMap":{"0":{"start":{"line":9,"column":26},"end":{"line":20,"column":1}},"1":{"start":{"line":22,"column":14},"end":{"line":25,"column":1}},"2":{"start":{"line":27,"column":28},"end":{"line":37,"column":1}},"3":{"start":{"line":39,"column":18},"end":{"line":44,"column":1}},"4":{"start":{"line":46,"column":21},"end":{"line":53,"column":1}},"5":{"start":{"line":55,"column":24},"end":{"line":132,"column":1}},"6":{"start":{"line":56,"column":38},"end":{"line":56,"column":53}},"7":{"start":{"line":57,"column":42},"end":{"line":57,"column":57}},"8":{"start":{"line":66,"column":6},"end":{"line":66,"column":18}},"9":{"start":{"line":68,"column":2},"end":{"line":70,"column":9}},"10":{"start":{"line":69,"column":4},"end":{"line":69,"column":41}},"11":{"start":{"line":72,"column":24},"end":{"line":87,"column":3}},"12":{"start":{"line":73,"column":4},"end":{"line":86,"column":5}},"13":{"start":{"line":74,"column":6},"end":{"line":74,"column":26}},"14":{"start":{"line":76,"column":6},"end":{"line":76,"column":53}},"15":{"start":{"line":76,"column":37},"end":{"line":76,"column":51}},"16":{"start":{"line":77,"column":6},"end":{"line":85,"column":11}},"17":{"start":{"line":80,"column":10},"end":{"line":80,"column":53}},"18":{"start":{"line":84,"column":10},"end":{"line":84,"column":29}},"19":{"start":{"line":89,"column":28},"end":{"line":107,"column":3}},"20":{"start":{"line":91,"column":4},"end":{"line":91,"column":25}},"21":{"start":{"line":92,"column":17},"end":{"line":97,"column":5}},"22":{"start":{"line":98,"column":4},"end":{"line":106,"column":9}},"23":{"start":{"line":101,"column":8},"end":{"line":101,"column":30}},"24":{"start":{"line":105,"column":8},"end":{"line":105,"column":27}},"25":{"start":{"line":109,"column":2},"end":{"line":131,"column":4}}},"fnMap":{"0":{"name":"(anonymous_0)","decl":{"start":{"line":55,"column":24},"end":{"line":55,"column":25}},"loc":{"start":{"line":55,"column":62},"end":{"line":132,"column":1}},"line":55},"1":{"name":"(anonymous_1)","decl":{"start":{"line":68,"column":12},"end":{"line":68,"column":13}},"loc":{"start":{"line":68,"column":18},"end":{"line":70,"column":3}},"line":68},"2":{"name":"(anonymous_2)","decl":{"start":{"line":72,"column":24},"end":{"line":72,"column":25}},"loc":{"start":{"line":72,"column":30},"end":{"line":87,"column":3}},"line":72},"3":{"name":"(anonymous_3)","decl":{"start":{"line":76,"column":22},"end":{"line":76,"column":23}},"loc":{"start":{"line":76,"column":37},"end":{"line":76,"column":51}},"line":76},"4":{"name":"(anonymous_4)","decl":{"start":{"line":78,"column":14},"end":{"line":78,"column":15}},"loc":{"start":{"line":78,"column":28},"end":{"line":81,"column":9}},"line":78},"5":{"name":"(anonymous_5)","decl":{"start":{"line":82,"column":15},"end":{"line":82,"column":16}},"loc":{"start":{"line":82,"column":26},"end":{"line":85,"column":9}},"line":82},"6":{"name":"(anonymous_6)","decl":{"start":{"line":89,"column":28},"end":{"line":89,"column":29}},"loc":{"start":{"line":89,"column":34},"end":{"line":107,"column":3}},"line":89},"7":{"name":"(anonymous_7)","decl":{"start":{"line":99,"column":12},"end":{"line":99,"column":13}},"loc":{"start":{"line":99,"column":26},"end":{"line":102,"column":7}},"line":99},"8":{"name":"(anonymous_8)","decl":{"start":{"line":103,"column":13},"end":{"line":103,"column":14}},"loc":{"start":{"line":103,"column":24},"end":{"line":106,"column":7}},"line":103}},"branchMap":{"0":{"loc":{"start":{"line":73,"column":4},"end":{"line":86,"column":5}},"type":"if","locations":[{"start":{"line":73,"column":4},"end":{"line":86,"column":5}},{"start":{},"end":{}}],"line":73}},"s":{"0":5,"1":5,"2":5,"3":5,"4":5,"5":5,"6":7,"7":7,"8":7,"9":7,"10":3,"11":7,"12":1,"13":1,"14":1,"15":1,"16":1,"17":0,"18":0,"19":7,"20":0,"21":0,"22":0,"23":0,"24":0,"25":7},"f":{"0":7,"1":3,"2":1,"3":1,"4":0,"5":0,"6":0,"7":0,"8":0},"b":{"0":[1,0]},"_coverageSchema":"1a1c01bbd47fc00a2c39e90264f33305004495a9","hash":"d6544e7c5f0a83bbadfedac83ebb40868d966d6f"}
,"/Users/zacharia/Documents/code/HackReactor/project_catwalk/client/src/components/Questions/Questions.jsx": {"path":"/Users/zacharia/Documents/code/HackReactor/project_catwalk/client/src/components/Questions/Questions.jsx","statementMap":{"0":{"start":{"line":4,"column":18},"end":{"line":12,"column":1}},"1":{"start":{"line":5,"column":2},"end":{"line":11,"column":8}}},"fnMap":{"0":{"name":"(anonymous_0)","decl":{"start":{"line":4,"column":18},"end":{"line":4,"column":19}},"loc":{"start":{"line":5,"column":2},"end":{"line":11,"column":8}},"line":5}},"branchMap":{},"s":{"0":1,"1":2},"f":{"0":2},"b":{},"_coverageSchema":"1a1c01bbd47fc00a2c39e90264f33305004495a9","hash":"eed4e131ede80e4c3177cd0cc7b0094cc372505e"}
,"/Users/zacharia/Documents/code/HackReactor/project_catwalk/client/src/components/Questions/QuestionsList.jsx": {"path":"/Users/zacharia/Documents/code/HackReactor/project_catwalk/client/src/components/Questions/QuestionsList.jsx","statementMap":{"0":{"start":{"line":9,"column":14},"end":{"line":14,"column":1}},"1":{"start":{"line":16,"column":14},"end":{"line":18,"column":1}},"2":{"start":{"line":22,"column":4},"end":{"line":22,"column":17}},"3":{"start":{"line":23,"column":4},"end":{"line":26,"column":6}},"4":{"start":{"line":30,"column":33},"end":{"line":30,"column":43}},"5":{"start":{"line":38,"column":8},"end":{"line":38,"column":18}},"6":{"start":{"line":39,"column":21},"end":{"line":39,"column":23}},"7":{"start":{"line":41,"column":23},"end":{"line":41,"column":99}},"8":{"start":{"line":41,"column":51},"end":{"line":41,"column":98}},"9":{"start":{"line":43,"column":25},"end":{"line":47,"column":5}},"10":{"start":{"line":45,"column":6},"end":{"line":45,"column":80}},"11":{"start":{"line":50,"column":4},"end":{"line":52,"column":32}},"12":{"start":{"line":54,"column":4},"end":{"line":80,"column":6}},"13":{"start":{"line":62,"column":14},"end":{"line":68,"column":16}},"14":{"start":{"line":74,"column":82},"end":{"line":74,"column":100}},"15":{"start":{"line":84,"column":0},"end":{"line":87,"column":2}},"16":{"start":{"line":89,"column":0},"end":{"line":95,"column":2}}},"fnMap":{"0":{"name":"(anonymous_0)","decl":{"start":{"line":21,"column":2},"end":{"line":21,"column":3}},"loc":{"start":{"line":21,"column":21},"end":{"line":27,"column":3}},"line":21},"1":{"name":"(anonymous_1)","decl":{"start":{"line":29,"column":2},"end":{"line":29,"column":3}},"loc":{"start":{"line":29,"column":11},"end":{"line":81,"column":3}},"line":29},"2":{"name":"(anonymous_2)","decl":{"start":{"line":41,"column":41},"end":{"line":41,"column":42}},"loc":{"start":{"line":41,"column":51},"end":{"line":41,"column":98}},"line":41},"3":{"name":"(anonymous_3)","decl":{"start":{"line":43,"column":43},"end":{"line":43,"column":44}},"loc":{"start":{"line":45,"column":6},"end":{"line":45,"column":80}},"line":45},"4":{"name":"(anonymous_4)","decl":{"start":{"line":61,"column":50},"end":{"line":61,"column":51}},"loc":{"start":{"line":62,"column":14},"end":{"line":68,"column":16}},"line":62},"5":{"name":"(anonymous_5)","decl":{"start":{"line":74,"column":74},"end":{"line":74,"column":75}},"loc":{"start":{"line":74,"column":80},"end":{"line":74,"column":102}},"line":74}},"branchMap":{"0":{"loc":{"start":{"line":50,"column":4},"end":{"line":52,"column":31}},"type":"cond-expr","locations":[{"start":{"line":51,"column":8},"end":{"line":51,"column":33}},{"start":{"line":52,"column":8},"end":{"line":52,"column":31}}],"line":50},"1":{"loc":{"start":{"line":59,"column":10},"end":{"line":69,"column":14}},"type":"cond-expr","locations":[{"start":{"line":60,"column":15},"end":{"line":60,"column":87}},{"start":{"line":61,"column":14},"end":{"line":69,"column":14}}],"line":59},"2":{"loc":{"start":{"line":73,"column":14},"end":{"line":75,"column":26}},"type":"cond-expr","locations":[{"start":{"line":74,"column":18},"end":{"line":74,"column":106}},{"start":{"line":75,"column":18},"end":{"line":75,"column":26}}],"line":73}},"s":{"0":3,"1":3,"2":4,"3":4,"4":5,"5":5,"6":5,"7":5,"8":0,"9":5,"10":0,"11":5,"12":5,"13":0,"14":0,"15":3,"16":3},"f":{"0":4,"1":5,"2":0,"3":0,"4":0,"5":0},"b":{"0":[0,5],"1":[5,0],"2":[5,0]},"_coverageSchema":"1a1c01bbd47fc00a2c39e90264f33305004495a9","hash":"37d20453fb34ff97523c9f8b97e0b9f7c3d093d2"}
,"/Users/zacharia/Documents/code/HackReactor/project_catwalk/client/src/components/Questions/QuestionsMain.jsx": {"path":"/Users/zacharia/Documents/code/HackReactor/project_catwalk/client/src/components/Questions/QuestionsMain.jsx","statementMap":{"0":{"start":{"line":16,"column":4},"end":{"line":16,"column":17}},"1":{"start":{"line":17,"column":4},"end":{"line":26,"column":6}},"2":{"start":{"line":27,"column":4},"end":{"line":27,"column":53}},"3":{"start":{"line":28,"column":4},"end":{"line":28,"column":57}},"4":{"start":{"line":29,"column":4},"end":{"line":29,"column":57}},"5":{"start":{"line":30,"column":4},"end":{"line":30,"column":51}},"6":{"start":{"line":34,"column":31},"end":{"line":34,"column":41}},"7":{"start":{"line":35,"column":4},"end":{"line":35,"column":40}},"8":{"start":{"line":39,"column":16},"end":{"line":39,"column":83}},"9":{"start":{"line":41,"column":19},"end":{"line":45,"column":5}},"10":{"start":{"line":47,"column":20},"end":{"line":50,"column":5}},"11":{"start":{"line":52,"column":19},"end":{"line":52,"column":38}},"12":{"start":{"line":54,"column":4},"end":{"line":58,"column":9}},"13":{"start":{"line":57,"column":8},"end":{"line":57,"column":58}},"14":{"start":{"line":62,"column":4},"end":{"line":62,"column":41}},"15":{"start":{"line":66,"column":4},"end":{"line":66,"column":38}},"16":{"start":{"line":70,"column":4},"end":{"line":70,"column":64}},"17":{"start":{"line":70,"column":34},"end":{"line":70,"column":61}},"18":{"start":{"line":74,"column":31},"end":{"line":74,"column":41}},"19":{"start":{"line":81,"column":8},"end":{"line":81,"column":18}},"20":{"start":{"line":83,"column":4},"end":{"line":116,"column":6}},"21":{"start":{"line":107,"column":22},"end":{"line":107,"column":81}},"22":{"start":{"line":120,"column":0},"end":{"line":122,"column":2}}},"fnMap":{"0":{"name":"(anonymous_0)","decl":{"start":{"line":15,"column":2},"end":{"line":15,"column":3}},"loc":{"start":{"line":15,"column":21},"end":{"line":31,"column":3}},"line":15},"1":{"name":"(anonymous_1)","decl":{"start":{"line":33,"column":2},"end":{"line":33,"column":3}},"loc":{"start":{"line":33,"column":22},"end":{"line":36,"column":3}},"line":33},"2":{"name":"(anonymous_2)","decl":{"start":{"line":38,"column":2},"end":{"line":38,"column":3}},"loc":{"start":{"line":38,"column":28},"end":{"line":59,"column":3}},"line":38},"3":{"name":"(anonymous_3)","decl":{"start":{"line":55,"column":12},"end":{"line":55,"column":13}},"loc":{"start":{"line":55,"column":21},"end":{"line":58,"column":7}},"line":55},"4":{"name":"(anonymous_4)","decl":{"start":{"line":61,"column":2},"end":{"line":61,"column":3}},"loc":{"start":{"line":61,"column":22},"end":{"line":63,"column":3}},"line":61},"5":{"name":"(anonymous_5)","decl":{"start":{"line":65,"column":2},"end":{"line":65,"column":3}},"loc":{"start":{"line":65,"column":19},"end":{"line":67,"column":3}},"line":65},"6":{"name":"(anonymous_6)","decl":{"start":{"line":69,"column":2},"end":{"line":69,"column":3}},"loc":{"start":{"line":69,"column":16},"end":{"line":71,"column":3}},"line":69},"7":{"name":"(anonymous_7)","decl":{"start":{"line":70,"column":18},"end":{"line":70,"column":19}},"loc":{"start":{"line":70,"column":34},"end":{"line":70,"column":61}},"line":70},"8":{"name":"(anonymous_8)","decl":{"start":{"line":73,"column":2},"end":{"line":73,"column":3}},"loc":{"start":{"line":73,"column":11},"end":{"line":117,"column":3}},"line":73},"9":{"name":"(anonymous_9)","decl":{"start":{"line":105,"column":29},"end":{"line":105,"column":30}},"loc":{"start":{"line":107,"column":22},"end":{"line":107,"column":81}},"line":107}},"branchMap":{"0":{"loc":{"start":{"line":100,"column":14},"end":{"line":110,"column":25}},"type":"cond-expr","locations":[{"start":{"line":102,"column":18},"end":{"line":108,"column":20}},{"start":{"line":110,"column":18},"end":{"line":110,"column":25}}],"line":100}},"s":{"0":4,"1":4,"2":4,"3":4,"4":4,"5":4,"6":4,"7":4,"8":4,"9":4,"10":4,"11":4,"12":4,"13":0,"14":0,"15":0,"16":0,"17":0,"18":5,"19":5,"20":5,"21":0,"22":3},"f":{"0":4,"1":4,"2":4,"3":0,"4":0,"5":0,"6":0,"7":0,"8":5,"9":0},"b":{"0":[0,5]},"_coverageSchema":"1a1c01bbd47fc00a2c39e90264f33305004495a9","hash":"3f202e655970d53c76e7fac99f27760f6dfe6756"}
,"/Users/zacharia/Documents/code/HackReactor/project_catwalk/client/src/components/Questions/SearchQuestions.jsx": {"path":"/Users/zacharia/Documents/code/HackReactor/project_catwalk/client/src/components/Questions/SearchQuestions.jsx","statementMap":{"0":{"start":{"line":6,"column":14},"end":{"line":14,"column":1}},"1":{"start":{"line":19,"column":4},"end":{"line":19,"column":17}},"2":{"start":{"line":20,"column":4},"end":{"line":22,"column":6}},"3":{"start":{"line":23,"column":4},"end":{"line":23,"column":53}},"4":{"start":{"line":27,"column":29},"end":{"line":27,"column":39}},"5":{"start":{"line":28,"column":4},"end":{"line":28,"column":33}},"6":{"start":{"line":32,"column":27},"end":{"line":32,"column":37}},"7":{"start":{"line":33,"column":4},"end":{"line":42,"column":6}},"8":{"start":{"line":46,"column":0},"end":{"line":48,"column":2}},"9":{"start":{"line":50,"column":0},"end":{"line":52,"column":2}}},"fnMap":{"0":{"name":"(anonymous_0)","decl":{"start":{"line":18,"column":2},"end":{"line":18,"column":3}},"loc":{"start":{"line":18,"column":21},"end":{"line":24,"column":3}},"line":18},"1":{"name":"(anonymous_1)","decl":{"start":{"line":26,"column":2},"end":{"line":26,"column":3}},"loc":{"start":{"line":26,"column":18},"end":{"line":29,"column":3}},"line":26},"2":{"name":"(anonymous_2)","decl":{"start":{"line":31,"column":2},"end":{"line":31,"column":3}},"loc":{"start":{"line":31,"column":11},"end":{"line":43,"column":3}},"line":31},"3":{"name":"(anonymous_3)","decl":{"start":{"line":47,"column":16},"end":{"line":47,"column":17}},"loc":{"start":{"line":47,"column":22},"end":{"line":47,"column":24}},"line":47}},"branchMap":{},"s":{"0":4,"1":7,"2":7,"3":7,"4":9,"5":9,"6":8,"7":8,"8":4,"9":4},"f":{"0":7,"1":9,"2":8,"3":5},"b":{},"_coverageSchema":"1a1c01bbd47fc00a2c39e90264f33305004495a9","hash":"f157fb834880ccabfcd7e3f8a7c1b3039febbc79"}
,"/Users/zacharia/Documents/code/HackReactor/project_catwalk/client/src/components/Related/AddOutfitBtn.jsx": {"path":"/Users/zacharia/Documents/code/HackReactor/project_catwalk/client/src/components/Related/AddOutfitBtn.jsx","statementMap":{"0":{"start":{"line":6,"column":15},"end":{"line":14,"column":1}},"1":{"start":{"line":16,"column":22},"end":{"line":23,"column":1}},"2":{"start":{"line":25,"column":21},"end":{"line":34,"column":1}},"3":{"start":{"line":26,"column":31},"end":{"line":26,"column":36}},"4":{"start":{"line":27,"column":2},"end":{"line":33,"column":4}},"5":{"start":{"line":36,"column":0},"end":{"line":38,"column":2}}},"fnMap":{"0":{"name":"(anonymous_0)","decl":{"start":{"line":25,"column":21},"end":{"line":25,"column":22}},"loc":{"start":{"line":25,"column":32},"end":{"line":34,"column":1}},"line":25}},"branchMap":{},"s":{"0":6,"1":6,"2":6,"3":12,"4":11,"5":6},"f":{"0":12},"b":{},"_coverageSchema":"1a1c01bbd47fc00a2c39e90264f33305004495a9","hash":"410d935fe6be6174283c67cdf94c718b8959c6e0"}
,"/Users/zacharia/Documents/code/HackReactor/project_catwalk/client/src/components/Related/Card.jsx": {"path":"/Users/zacharia/Documents/code/HackReactor/project_catwalk/client/src/components/Related/Card.jsx","statementMap":{"0":{"start":{"line":22,"column":16},"end":{"line":35,"column":1}},"1":{"start":{"line":30,"column":31},"end":{"line":30,"column":42}},"2":{"start":{"line":37,"column":14},"end":{"line":39,"column":1}},"3":{"start":{"line":41,"column":13},"end":{"line":86,"column":1}},"4":{"start":{"line":52,"column":6},"end":{"line":52,"column":11}},"5":{"start":{"line":59,"column":6},"end":{"line":59,"column":13}},"6":{"start":{"line":61,"column":2},"end":{"line":85,"column":4}},"7":{"start":{"line":62,"column":47},"end":{"line":62,"column":65}},"8":{"start":{"line":87,"column":0},"end":{"line":96,"column":2}},"9":{"start":{"line":98,"column":0},"end":{"line":118,"column":2}}},"fnMap":{"0":{"name":"(anonymous_0)","decl":{"start":{"line":30,"column":10},"end":{"line":30,"column":11}},"loc":{"start":{"line":30,"column":31},"end":{"line":30,"column":42}},"line":30},"1":{"name":"(anonymous_1)","decl":{"start":{"line":41,"column":13},"end":{"line":41,"column":14}},"loc":{"start":{"line":41,"column":24},"end":{"line":86,"column":1}},"line":41},"2":{"name":"(anonymous_2)","decl":{"start":{"line":62,"column":41},"end":{"line":62,"column":42}},"loc":{"start":{"line":62,"column":47},"end":{"line":62,"column":65}},"line":62},"3":{"name":"(anonymous_3)","decl":{"start":{"line":92,"column":18},"end":{"line":92,"column":19}},"loc":{"start":{"line":92,"column":24},"end":{"line":92,"column":26}},"line":92},"4":{"name":"(anonymous_4)","decl":{"start":{"line":93,"column":25},"end":{"line":93,"column":26}},"loc":{"start":{"line":93,"column":31},"end":{"line":93,"column":33}},"line":93},"5":{"name":"(anonymous_5)","decl":{"start":{"line":94,"column":23},"end":{"line":94,"column":24}},"loc":{"start":{"line":94,"column":29},"end":{"line":94,"column":31}},"line":94},"6":{"name":"(anonymous_6)","decl":{"start":{"line":95,"column":20},"end":{"line":95,"column":21}},"loc":{"start":{"line":95,"column":26},"end":{"line":95,"column":28}},"line":95}},"branchMap":{"0":{"loc":{"start":{"line":64,"column":8},"end":{"line":82,"column":11}},"type":"cond-expr","locations":[{"start":{"line":65,"column":12},"end":{"line":65,"column":64}},{"start":{"line":67,"column":12},"end":{"line":81,"column":15}}],"line":64},"1":{"loc":{"start":{"line":68,"column":16},"end":{"line":76,"column":81}},"type":"cond-expr","locations":[{"start":{"line":70,"column":18},"end":{"line":74,"column":20}},{"start":{"line":76,"column":18},"end":{"line":76,"column":81}}],"line":68}},"s":{"0":6,"1":57,"2":6,"3":6,"4":60,"5":57,"6":57,"7":3,"8":6,"9":6},"f":{"0":57,"1":60,"2":3,"3":1,"4":0,"5":0,"6":0},"b":{"0":[9,48],"1":[42,6]},"_coverageSchema":"1a1c01bbd47fc00a2c39e90264f33305004495a9","hash":"6a88537de7bf31e081c754eaed6c0571410c2f05"}
,"/Users/zacharia/Documents/code/HackReactor/project_catwalk/client/src/components/Related/CardImg.jsx": {"path":"/Users/zacharia/Documents/code/HackReactor/project_catwalk/client/src/components/Related/CardImg.jsx","statementMap":{"0":{"start":{"line":5,"column":16},"end":{"line":12,"column":1}},"1":{"start":{"line":14,"column":14},"end":{"line":17,"column":1}},"2":{"start":{"line":19,"column":16},"end":{"line":26,"column":1}},"3":{"start":{"line":20,"column":23},"end":{"line":20,"column":28}},"4":{"start":{"line":21,"column":2},"end":{"line":25,"column":4}},"5":{"start":{"line":28,"column":0},"end":{"line":31,"column":2}}},"fnMap":{"0":{"name":"(anonymous_0)","decl":{"start":{"line":19,"column":16},"end":{"line":19,"column":17}},"loc":{"start":{"line":19,"column":27},"end":{"line":26,"column":1}},"line":19}},"branchMap":{},"s":{"0":7,"1":7,"2":7,"3":51,"4":49,"5":7},"f":{"0":51},"b":{},"_coverageSchema":"1a1c01bbd47fc00a2c39e90264f33305004495a9","hash":"02456ecf130d383b2f8c4beb0bd58a7bc8c00f7d"}
,"/Users/zacharia/Documents/code/HackReactor/project_catwalk/client/src/components/Related/Carousel.jsx": {"path":"/Users/zacharia/Documents/code/HackReactor/project_catwalk/client/src/components/Related/Carousel.jsx","statementMap":{"0":{"start":{"line":8,"column":18},"end":{"line":18,"column":3}},"1":{"start":{"line":20,"column":15},"end":{"line":30,"column":1}},"2":{"start":{"line":34,"column":4},"end":{"line":34,"column":17}},"3":{"start":{"line":35,"column":4},"end":{"line":40,"column":6}},"4":{"start":{"line":41,"column":4},"end":{"line":41,"column":49}},"5":{"start":{"line":42,"column":4},"end":{"line":42,"column":47}},"6":{"start":{"line":46,"column":33},"end":{"line":46,"column":43}},"7":{"start":{"line":47,"column":4},"end":{"line":49,"column":5}},"8":{"start":{"line":48,"column":6},"end":{"line":48,"column":75}},"9":{"start":{"line":53,"column":43},"end":{"line":53,"column":53}},"10":{"start":{"line":54,"column":4},"end":{"line":59,"column":5}},"11":{"start":{"line":55,"column":6},"end":{"line":58,"column":9}},"12":{"start":{"line":63,"column":34},"end":{"line":63,"column":44}},"13":{"start":{"line":64,"column":4},"end":{"line":66,"column":5}},"14":{"start":{"line":65,"column":6},"end":{"line":65,"column":37}},"15":{"start":{"line":67,"column":4},"end":{"line":72,"column":5}},"16":{"start":{"line":68,"column":6},"end":{"line":71,"column":9}},"17":{"start":{"line":76,"column":47},"end":{"line":76,"column":57}},"18":{"start":{"line":84,"column":8},"end":{"line":84,"column":18}},"19":{"start":{"line":86,"column":4},"end":{"line":115,"column":6}},"20":{"start":{"line":97,"column":12},"end":{"line":106,"column":14}},"21":{"start":{"line":119,"column":0},"end":{"line":124,"column":2}},"22":{"start":{"line":126,"column":0},"end":{"line":145,"column":2}}},"fnMap":{"0":{"name":"(anonymous_0)","decl":{"start":{"line":33,"column":2},"end":{"line":33,"column":3}},"loc":{"start":{"line":33,"column":21},"end":{"line":43,"column":3}},"line":33},"1":{"name":"(anonymous_1)","decl":{"start":{"line":45,"column":2},"end":{"line":45,"column":3}},"loc":{"start":{"line":45,"column":32},"end":{"line":50,"column":3}},"line":45},"2":{"name":"(anonymous_2)","decl":{"start":{"line":52,"column":2},"end":{"line":52,"column":3}},"loc":{"start":{"line":52,"column":15},"end":{"line":60,"column":3}},"line":52},"3":{"name":"(anonymous_3)","decl":{"start":{"line":62,"column":2},"end":{"line":62,"column":3}},"loc":{"start":{"line":62,"column":14},"end":{"line":73,"column":3}},"line":62},"4":{"name":"(anonymous_4)","decl":{"start":{"line":75,"column":2},"end":{"line":75,"column":3}},"loc":{"start":{"line":75,"column":11},"end":{"line":116,"column":3}},"line":75},"5":{"name":"(anonymous_5)","decl":{"start":{"line":96,"column":20},"end":{"line":96,"column":21}},"loc":{"start":{"line":97,"column":12},"end":{"line":106,"column":14}},"line":97},"6":{"name":"(anonymous_6)","decl":{"start":{"line":120,"column":25},"end":{"line":120,"column":26}},"loc":{"start":{"line":120,"column":31},"end":{"line":120,"column":33}},"line":120},"7":{"name":"(anonymous_7)","decl":{"start":{"line":121,"column":23},"end":{"line":121,"column":24}},"loc":{"start":{"line":121,"column":29},"end":{"line":121,"column":31}},"line":121},"8":{"name":"(anonymous_8)","decl":{"start":{"line":122,"column":18},"end":{"line":122,"column":19}},"loc":{"start":{"line":122,"column":24},"end":{"line":122,"column":26}},"line":122},"9":{"name":"(anonymous_9)","decl":{"start":{"line":123,"column":20},"end":{"line":123,"column":21}},"loc":{"start":{"line":123,"column":26},"end":{"line":123,"column":28}},"line":123}},"branchMap":{"0":{"loc":{"start":{"line":47,"column":4},"end":{"line":49,"column":5}},"type":"if","locations":[{"start":{"line":47,"column":4},"end":{"line":49,"column":5}},{"start":{},"end":{}}],"line":47},"1":{"loc":{"start":{"line":54,"column":4},"end":{"line":59,"column":5}},"type":"if","locations":[{"start":{"line":54,"column":4},"end":{"line":59,"column":5}},{"start":{},"end":{}}],"line":54},"2":{"loc":{"start":{"line":64,"column":4},"end":{"line":66,"column":5}},"type":"if","locations":[{"start":{"line":64,"column":4},"end":{"line":66,"column":5}},{"start":{},"end":{}}],"line":64},"3":{"loc":{"start":{"line":67,"column":4},"end":{"line":72,"column":5}},"type":"if","locations":[{"start":{"line":67,"column":4},"end":{"line":72,"column":5}},{"start":{},"end":{}}],"line":67},"4":{"loc":{"start":{"line":90,"column":8},"end":{"line":92,"column":16}},"type":"cond-expr","locations":[{"start":{"line":91,"column":12},"end":{"line":91,"column":53}},{"start":{"line":92,"column":12},"end":{"line":92,"column":16}}],"line":90},"5":{"loc":{"start":{"line":95,"column":11},"end":{"line":95,"column":112}},"type":"binary-expr","locations":[{"start":{"line":95,"column":11},"end":{"line":95,"column":28}},{"start":{"line":95,"column":32},"end":{"line":95,"column":112}}],"line":95},"6":{"loc":{"start":{"line":110,"column":8},"end":{"line":112,"column":16}},"type":"cond-expr","locations":[{"start":{"line":111,"column":12},"end":{"line":111,"column":54}},{"start":{"line":112,"column":12},"end":{"line":112,"column":16}}],"line":110}},"s":{"0":5,"1":5,"2":7,"3":7,"4":7,"5":7,"6":10,"7":10,"8":2,"9":0,"10":0,"11":0,"12":0,"13":0,"14":0,"15":0,"16":0,"17":17,"18":17,"19":17,"20":46,"21":5,"22":5},"f":{"0":7,"1":10,"2":0,"3":0,"4":17,"5":46,"6":0,"7":0,"8":1,"9":0},"b":{"0":[2,8],"1":[0,0],"2":[0,0],"3":[0,0],"4":[0,17],"5":[17,9],"6":[0,17]},"_coverageSchema":"1a1c01bbd47fc00a2c39e90264f33305004495a9","hash":"ef68a51302ac6291e0149608a78e636e280f9bf3"}
,"/Users/zacharia/Documents/code/HackReactor/project_catwalk/client/src/components/Related/CompareBtn.jsx": {"path":"/Users/zacharia/Documents/code/HackReactor/project_catwalk/client/src/components/Related/CompareBtn.jsx","statementMap":{"0":{"start":{"line":6,"column":15},"end":{"line":13,"column":1}},"1":{"start":{"line":15,"column":12},"end":{"line":23,"column":1}},"2":{"start":{"line":24,"column":22},"end":{"line":34,"column":1}},"3":{"start":{"line":36,"column":19},"end":{"line":46,"column":1}},"4":{"start":{"line":37,"column":40},"end":{"line":37,"column":45}},"5":{"start":{"line":38,"column":2},"end":{"line":45,"column":4}},"6":{"start":{"line":39,"column":70},"end":{"line":39,"column":102}},"7":{"start":{"line":48,"column":0},"end":{"line":51,"column":2}}},"fnMap":{"0":{"name":"(anonymous_0)","decl":{"start":{"line":36,"column":19},"end":{"line":36,"column":20}},"loc":{"start":{"line":36,"column":30},"end":{"line":46,"column":1}},"line":36},"1":{"name":"(anonymous_1)","decl":{"start":{"line":39,"column":59},"end":{"line":39,"column":60}},"loc":{"start":{"line":39,"column":70},"end":{"line":39,"column":102}},"line":39}},"branchMap":{},"s":{"0":7,"1":7,"2":7,"3":7,"4":44,"5":43,"6":1,"7":7},"f":{"0":44,"1":1},"b":{},"_coverageSchema":"1a1c01bbd47fc00a2c39e90264f33305004495a9","hash":"34e022225864d1e5bb8a4a7e094bd7be01436d09"}
,"/Users/zacharia/Documents/code/HackReactor/project_catwalk/client/src/components/Related/CompareTable.jsx": {"path":"/Users/zacharia/Documents/code/HackReactor/project_catwalk/client/src/components/Related/CompareTable.jsx","statementMap":{"0":{"start":{"line":5,"column":14},"end":{"line":8,"column":1}},"1":{"start":{"line":9,"column":19},"end":{"line":11,"column":1}},"2":{"start":{"line":13,"column":21},"end":{"line":41,"column":1}},"3":{"start":{"line":14,"column":19},"end":{"line":14,"column":24}},"4":{"start":{"line":15,"column":2},"end":{"line":40,"column":4}},"5":{"start":{"line":26,"column":22},"end":{"line":26,"column":23}},"6":{"start":{"line":27,"column":10},"end":{"line":35,"column":11}},"7":{"start":{"line":28,"column":12},"end":{"line":34,"column":14}},"8":{"start":{"line":36,"column":10},"end":{"line":36,"column":22}},"9":{"start":{"line":43,"column":0},"end":{"line":52,"column":2}}},"fnMap":{"0":{"name":"(anonymous_0)","decl":{"start":{"line":13,"column":21},"end":{"line":13,"column":22}},"loc":{"start":{"line":13,"column":32},"end":{"line":41,"column":1}},"line":13},"1":{"name":"(anonymous_1)","decl":{"start":{"line":25,"column":18},"end":{"line":25,"column":19}},"loc":{"start":{"line":25,"column":34},"end":{"line":37,"column":9}},"line":25}},"branchMap":{"0":{"loc":{"start":{"line":19,"column":23},"end":{"line":19,"column":44}},"type":"binary-expr","locations":[{"start":{"line":19,"column":23},"end":{"line":19,"column":30}},{"start":{"line":19,"column":34},"end":{"line":19,"column":44}}],"line":19},"1":{"loc":{"start":{"line":20,"column":23},"end":{"line":20,"column":44}},"type":"binary-expr","locations":[{"start":{"line":20,"column":23},"end":{"line":20,"column":30}},{"start":{"line":20,"column":34},"end":{"line":20,"column":44}}],"line":20},"2":{"loc":{"start":{"line":21,"column":23},"end":{"line":21,"column":44}},"type":"binary-expr","locations":[{"start":{"line":21,"column":23},"end":{"line":21,"column":30}},{"start":{"line":21,"column":34},"end":{"line":21,"column":44}}],"line":21},"3":{"loc":{"start":{"line":27,"column":10},"end":{"line":35,"column":11}},"type":"if","locations":[{"start":{"line":27,"column":10},"end":{"line":35,"column":11}},{"start":{},"end":{}}],"line":27}},"s":{"0":5,"1":5,"2":5,"3":9,"4":9,"5":14,"6":14,"7":10,"8":4,"9":5},"f":{"0":9,"1":14},"b":{"0":[9,4],"1":[9,4],"2":[9,4],"3":[10,4]},"_coverageSchema":"1a1c01bbd47fc00a2c39e90264f33305004495a9","hash":"9d44901dae13b218c71b5b413f00f33b0243ee35"}
,"/Users/zacharia/Documents/code/HackReactor/project_catwalk/client/src/components/Related/DeleteBtn.jsx": {"path":"/Users/zacharia/Documents/code/HackReactor/project_catwalk/client/src/components/Related/DeleteBtn.jsx","statementMap":{"0":{"start":{"line":6,"column":15},"end":{"line":12,"column":1}},"1":{"start":{"line":14,"column":22},"end":{"line":21,"column":1}},"2":{"start":{"line":23,"column":18},"end":{"line":32,"column":1}},"3":{"start":{"line":24,"column":38},"end":{"line":24,"column":43}},"4":{"start":{"line":25,"column":2},"end":{"line":31,"column":4}},"5":{"start":{"line":26,"column":64},"end":{"line":26,"column":87}},"6":{"start":{"line":34,"column":0},"end":{"line":37,"column":2}}},"fnMap":{"0":{"name":"(anonymous_0)","decl":{"start":{"line":23,"column":18},"end":{"line":23,"column":19}},"loc":{"start":{"line":23,"column":29},"end":{"line":32,"column":1}},"line":23},"1":{"name":"(anonymous_1)","decl":{"start":{"line":26,"column":58},"end":{"line":26,"column":59}},"loc":{"start":{"line":26,"column":64},"end":{"line":26,"column":87}},"line":26}},"branchMap":{},"s":{"0":7,"1":7,"2":7,"3":10,"4":8,"5":2,"6":7},"f":{"0":10,"1":2},"b":{},"_coverageSchema":"1a1c01bbd47fc00a2c39e90264f33305004495a9","hash":"e09d9b9cfb1b304975925c1c7cc6b72c0be9ed86"}
,"/Users/zacharia/Documents/code/HackReactor/project_catwalk/client/src/components/Related/ForwardArrow.jsx": {"path":"/Users/zacharia/Documents/code/HackReactor/project_catwalk/client/src/components/Related/ForwardArrow.jsx","statementMap":{"0":{"start":{"line":7,"column":15},"end":{"line":10,"column":1}},"1":{"start":{"line":12,"column":22},"end":{"line":19,"column":1}},"2":{"start":{"line":21,"column":21},"end":{"line":30,"column":1}},"3":{"start":{"line":22,"column":22},"end":{"line":22,"column":27}},"4":{"start":{"line":23,"column":2},"end":{"line":29,"column":4}},"5":{"start":{"line":32,"column":0},"end":{"line":34,"column":2}}},"fnMap":{"0":{"name":"(anonymous_0)","decl":{"start":{"line":21,"column":21},"end":{"line":21,"column":22}},"loc":{"start":{"line":21,"column":32},"end":{"line":30,"column":1}},"line":21}},"branchMap":{},"s":{"0":6,"1":6,"2":6,"3":2,"4":1,"5":6},"f":{"0":2},"b":{},"_coverageSchema":"1a1c01bbd47fc00a2c39e90264f33305004495a9","hash":"b2fe24e2b2b6882295569e915bcdad871fcbd92b"}
,"/Users/zacharia/Documents/code/HackReactor/project_catwalk/client/src/components/Related/MSWTest.jsx": {"path":"/Users/zacharia/Documents/code/HackReactor/project_catwalk/client/src/components/Related/MSWTest.jsx","statementMap":{"0":{"start":{"line":7,"column":4},"end":{"line":7,"column":17}},"1":{"start":{"line":8,"column":4},"end":{"line":10,"column":6}},"2":{"start":{"line":14,"column":31},"end":{"line":14,"column":41}},"3":{"start":{"line":15,"column":4},"end":{"line":18,"column":9}},"4":{"start":{"line":17,"column":8},"end":{"line":17,"column":46}},"5":{"start":{"line":22,"column":24},"end":{"line":22,"column":34}},"6":{"start":{"line":23,"column":4},"end":{"line":27,"column":6}},"7":{"start":{"line":31,"column":0},"end":{"line":33,"column":2}}},"fnMap":{"0":{"name":"(anonymous_0)","decl":{"start":{"line":6,"column":2},"end":{"line":6,"column":3}},"loc":{"start":{"line":6,"column":21},"end":{"line":11,"column":3}},"line":6},"1":{"name":"(anonymous_1)","decl":{"start":{"line":13,"column":2},"end":{"line":13,"column":3}},"loc":{"start":{"line":13,"column":22},"end":{"line":19,"column":3}},"line":13},"2":{"name":"(anonymous_2)","decl":{"start":{"line":16,"column":12},"end":{"line":16,"column":13}},"loc":{"start":{"line":16,"column":22},"end":{"line":18,"column":7}},"line":16},"3":{"name":"(anonymous_3)","decl":{"start":{"line":21,"column":2},"end":{"line":21,"column":3}},"loc":{"start":{"line":21,"column":11},"end":{"line":28,"column":3}},"line":21}},"branchMap":{"0":{"loc":{"start":{"line":25,"column":9},"end":{"line":25,"column":43}},"type":"binary-expr","locations":[{"start":{"line":25,"column":9},"end":{"line":25,"column":16}},{"start":{"line":25,"column":20},"end":{"line":25,"column":43}}],"line":25}},"s":{"0":1,"1":1,"2":1,"3":1,"4":1,"5":2,"6":2,"7":1},"f":{"0":1,"1":1,"2":1,"3":2},"b":{"0":[2,1]},"_coverageSchema":"1a1c01bbd47fc00a2c39e90264f33305004495a9","hash":"9037e175d3ce019b1678f346fb60d5a40eee1114"}
,"/Users/zacharia/Documents/code/HackReactor/project_catwalk/client/src/components/Related/Modal.jsx": {"path":"/Users/zacharia/Documents/code/HackReactor/project_catwalk/client/src/components/Related/Modal.jsx","statementMap":{"0":{"start":{"line":7,"column":14},"end":{"line":8,"column":1}},"1":{"start":{"line":10,"column":16},"end":{"line":20,"column":1}},"2":{"start":{"line":19,"column":28},"end":{"line":19,"column":51}},"3":{"start":{"line":22,"column":17},"end":{"line":33,"column":1}},"4":{"start":{"line":35,"column":22},"end":{"line":42,"column":1}},"5":{"start":{"line":44,"column":15},"end":{"line":50,"column":1}},"6":{"start":{"line":52,"column":14},"end":{"line":70,"column":1}},"7":{"start":{"line":53,"column":41},"end":{"line":53,"column":46}},"8":{"start":{"line":54,"column":2},"end":{"line":69,"column":4}},"9":{"start":{"line":72,"column":0},"end":{"line":83,"column":2}}},"fnMap":{"0":{"name":"(anonymous_0)","decl":{"start":{"line":19,"column":13},"end":{"line":19,"column":14}},"loc":{"start":{"line":19,"column":28},"end":{"line":19,"column":51}},"line":19},"1":{"name":"(anonymous_1)","decl":{"start":{"line":52,"column":14},"end":{"line":52,"column":15}},"loc":{"start":{"line":52,"column":25},"end":{"line":70,"column":1}},"line":52}},"branchMap":{"0":{"loc":{"start":{"line":19,"column":28},"end":{"line":19,"column":51}},"type":"cond-expr","locations":[{"start":{"line":19,"column":35},"end":{"line":19,"column":42}},{"start":{"line":19,"column":45},"end":{"line":19,"column":51}}],"line":19}},"s":{"0":4,"1":4,"2":8,"3":4,"4":4,"5":4,"6":4,"7":8,"8":8,"9":4},"f":{"0":8,"1":8},"b":{"0":[2,6]},"_coverageSchema":"1a1c01bbd47fc00a2c39e90264f33305004495a9","hash":"2ca2f223c54110cd494a31b736ebba21abd13191"}
,"/Users/zacharia/Documents/code/HackReactor/project_catwalk/client/src/components/Related/RatingStars.jsx": {"path":"/Users/zacharia/Documents/code/HackReactor/project_catwalk/client/src/components/Related/RatingStars.jsx","statementMap":{"0":{"start":{"line":3,"column":20},"end":{"line":7,"column":1}},"1":{"start":{"line":4,"column":2},"end":{"line":6,"column":8}}},"fnMap":{"0":{"name":"(anonymous_0)","decl":{"start":{"line":3,"column":20},"end":{"line":3,"column":21}},"loc":{"start":{"line":4,"column":2},"end":{"line":6,"column":8}},"line":4}},"branchMap":{},"s":{"0":7,"1":49},"f":{"0":49},"b":{},"_coverageSchema":"1a1c01bbd47fc00a2c39e90264f33305004495a9","hash":"78f6d82cdd166d05bad845b449f36c7dea3f750d"}
,"/Users/zacharia/Documents/code/HackReactor/project_catwalk/client/src/components/Related/Related.jsx": {"path":"/Users/zacharia/Documents/code/HackReactor/project_catwalk/client/src/components/Related/Related.jsx","statementMap":{"0":{"start":{"line":14,"column":14},"end":{"line":15,"column":1}},"1":{"start":{"line":17,"column":22},"end":{"line":48,"column":1}},"2":{"start":{"line":18,"column":18},"end":{"line":46,"column":5}},"3":{"start":{"line":19,"column":21},"end":{"line":27,"column":5}},"4":{"start":{"line":28,"column":4},"end":{"line":44,"column":9}},"5":{"start":{"line":30,"column":23},"end":{"line":30,"column":38}},"6":{"start":{"line":31,"column":8},"end":{"line":31,"column":34}},"7":{"start":{"line":32,"column":8},"end":{"line":32,"column":42}},"8":{"start":{"line":34,"column":23},"end":{"line":34,"column":52}},"9":{"start":{"line":35,"column":8},"end":{"line":35,"column":44}},"10":{"start":{"line":36,"column":8},"end":{"line":36,"column":47}},"11":{"start":{"line":37,"column":8},"end":{"line":37,"column":48}},"12":{"start":{"line":39,"column":8},"end":{"line":39,"column":40}},"13":{"start":{"line":40,"column":20},"end":{"line":42,"column":57}},"14":{"start":{"line":41,"column":10},"end":{"line":41,"column":37}},"15":{"start":{"line":43,"column":8},"end":{"line":43,"column":59}},"16":{"start":{"line":45,"column":4},"end":{"line":45,"column":20}},"17":{"start":{"line":47,"column":2},"end":{"line":47,"column":17}},"18":{"start":{"line":52,"column":4},"end":{"line":52,"column":17}},"19":{"start":{"line":53,"column":4},"end":{"line":62,"column":6}},"20":{"start":{"line":63,"column":4},"end":{"line":63,"column":71}},"21":{"start":{"line":64,"column":4},"end":{"line":64,"column":61}},"22":{"start":{"line":65,"column":4},"end":{"line":65,"column":67}},"23":{"start":{"line":66,"column":4},"end":{"line":66,"column":57}},"24":{"start":{"line":67,"column":4},"end":{"line":67,"column":47}},"25":{"start":{"line":71,"column":4},"end":{"line":71,"column":26}},"26":{"start":{"line":75,"column":31},"end":{"line":75,"column":41}},"27":{"start":{"line":76,"column":4},"end":{"line":78,"column":5}},"28":{"start":{"line":77,"column":6},"end":{"line":77,"column":28}},"29":{"start":{"line":82,"column":4},"end":{"line":82,"column":24}},"30":{"start":{"line":83,"column":4},"end":{"line":83,"column":44}},"31":{"start":{"line":85,"column":40},"end":{"line":85,"column":50}},"32":{"start":{"line":86,"column":31},"end":{"line":86,"column":45}},"33":{"start":{"line":87,"column":24},"end":{"line":87,"column":28}},"34":{"start":{"line":88,"column":28},"end":{"line":88,"column":44}},"35":{"start":{"line":93,"column":4},"end":{"line":98,"column":7}},"36":{"start":{"line":94,"column":6},"end":{"line":97,"column":7}},"37":{"start":{"line":95,"column":8},"end":{"line":95,"column":37}},"38":{"start":{"line":96,"column":8},"end":{"line":96,"column":45}},"39":{"start":{"line":100,"column":24},"end":{"line":100,"column":60}},"40":{"start":{"line":101,"column":4},"end":{"line":116,"column":7}},"41":{"start":{"line":102,"column":23},"end":{"line":102,"column":57}},"42":{"start":{"line":103,"column":6},"end":{"line":110,"column":7}},"43":{"start":{"line":103,"column":19},"end":{"line":103,"column":20}},"44":{"start":{"line":104,"column":25},"end":{"line":104,"column":45}},"45":{"start":{"line":105,"column":8},"end":{"line":109,"column":9}},"46":{"start":{"line":106,"column":10},"end":{"line":106,"column":40}},"47":{"start":{"line":107,"column":10},"end":{"line":107,"column":41}},"48":{"start":{"line":108,"column":10},"end":{"line":108,"column":16}},"49":{"start":{"line":112,"column":6},"end":{"line":114,"column":7}},"50":{"start":{"line":113,"column":8},"end":{"line":113,"column":28}},"51":{"start":{"line":115,"column":6},"end":{"line":115,"column":33}},"52":{"start":{"line":118,"column":4},"end":{"line":123,"column":5}},"53":{"start":{"line":119,"column":6},"end":{"line":122,"column":9}},"54":{"start":{"line":120,"column":25},"end":{"line":120,"column":63}},"55":{"start":{"line":121,"column":8},"end":{"line":121,"column":35}},"56":{"start":{"line":125,"column":4},"end":{"line":128,"column":7}},"57":{"start":{"line":132,"column":42},"end":{"line":132,"column":52}},"58":{"start":{"line":133,"column":4},"end":{"line":135,"column":5}},"59":{"start":{"line":134,"column":6},"end":{"line":134,"column":13}},"60":{"start":{"line":137,"column":4},"end":{"line":137,"column":37}},"61":{"start":{"line":138,"column":4},"end":{"line":147,"column":9}},"62":{"start":{"line":140,"column":8},"end":{"line":140,"column":34}},"63":{"start":{"line":143,"column":8},"end":{"line":143,"column":72}},"64":{"start":{"line":146,"column":8},"end":{"line":146,"column":42}},"65":{"start":{"line":151,"column":34},"end":{"line":151,"column":44}},"66":{"start":{"line":152,"column":4},"end":{"line":155,"column":7}},"67":{"start":{"line":153,"column":47},"end":{"line":153,"column":61}},"68":{"start":{"line":154,"column":41},"end":{"line":154,"column":58}},"69":{"start":{"line":159,"column":26},"end":{"line":159,"column":36}},"70":{"start":{"line":160,"column":31},"end":{"line":160,"column":41}},"71":{"start":{"line":162,"column":4},"end":{"line":165,"column":9}},"72":{"start":{"line":164,"column":8},"end":{"line":164,"column":53}},"73":{"start":{"line":167,"column":4},"end":{"line":185,"column":9}},"74":{"start":{"line":169,"column":25},"end":{"line":169,"column":33}},"75":{"start":{"line":170,"column":8},"end":{"line":173,"column":13}},"76":{"start":{"line":172,"column":12},"end":{"line":172,"column":39}},"77":{"start":{"line":176,"column":8},"end":{"line":179,"column":13}},"78":{"start":{"line":178,"column":12},"end":{"line":178,"column":38}},"79":{"start":{"line":182,"column":8},"end":{"line":184,"column":11}},"80":{"start":{"line":189,"column":4},"end":{"line":189,"column":45}},"81":{"start":{"line":190,"column":4},"end":{"line":192,"column":7}},"82":{"start":{"line":198,"column":8},"end":{"line":198,"column":18}},"83":{"start":{"line":199,"column":56},"end":{"line":199,"column":66}},"84":{"start":{"line":200,"column":4},"end":{"line":232,"column":6}},"85":{"start":{"line":236,"column":0},"end":{"line":239,"column":2}}},"fnMap":{"0":{"name":"(anonymous_0)","decl":{"start":{"line":17,"column":22},"end":{"line":17,"column":23}},"loc":{"start":{"line":17,"column":36},"end":{"line":48,"column":1}},"line":17},"1":{"name":"(anonymous_1)","decl":{"start":{"line":18,"column":43},"end":{"line":18,"column":44}},"loc":{"start":{"line":18,"column":62},"end":{"line":46,"column":3}},"line":18},"2":{"name":"(anonymous_2)","decl":{"start":{"line":29,"column":12},"end":{"line":29,"column":13}},"loc":{"start":{"line":29,"column":71},"end":{"line":44,"column":7}},"line":29},"3":{"name":"(anonymous_3)","decl":{"start":{"line":40,"column":55},"end":{"line":40,"column":56}},"loc":{"start":{"line":41,"column":10},"end":{"line":41,"column":37}},"line":41},"4":{"name":"(anonymous_4)","decl":{"start":{"line":51,"column":2},"end":{"line":51,"column":3}},"loc":{"start":{"line":51,"column":21},"end":{"line":68,"column":3}},"line":51},"5":{"name":"(anonymous_5)","decl":{"start":{"line":70,"column":2},"end":{"line":70,"column":3}},"loc":{"start":{"line":70,"column":22},"end":{"line":72,"column":3}},"line":70},"6":{"name":"(anonymous_6)","decl":{"start":{"line":74,"column":2},"end":{"line":74,"column":3}},"loc":{"start":{"line":74,"column":32},"end":{"line":79,"column":3}},"line":74},"7":{"name":"(anonymous_7)","decl":{"start":{"line":81,"column":2},"end":{"line":81,"column":3}},"loc":{"start":{"line":81,"column":31},"end":{"line":129,"column":3}},"line":81},"8":{"name":"(anonymous_8)","decl":{"start":{"line":93,"column":20},"end":{"line":93,"column":21}},"loc":{"start":{"line":93,"column":33},"end":{"line":98,"column":5}},"line":93},"9":{"name":"(anonymous_9)","decl":{"start":{"line":101,"column":28},"end":{"line":101,"column":29}},"loc":{"start":{"line":101,"column":42},"end":{"line":116,"column":5}},"line":101},"10":{"name":"(anonymous_10)","decl":{"start":{"line":119,"column":32},"end":{"line":119,"column":33}},"loc":{"start":{"line":119,"column":45},"end":{"line":122,"column":7}},"line":119},"11":{"name":"(anonymous_11)","decl":{"start":{"line":131,"column":2},"end":{"line":131,"column":3}},"loc":{"start":{"line":131,"column":21},"end":{"line":148,"column":3}},"line":131},"12":{"name":"(anonymous_12)","decl":{"start":{"line":139,"column":12},"end":{"line":139,"column":13}},"loc":{"start":{"line":139,"column":24},"end":{"line":141,"column":7}},"line":139},"13":{"name":"(anonymous_13)","decl":{"start":{"line":142,"column":12},"end":{"line":142,"column":13}},"loc":{"start":{"line":142,"column":18},"end":{"line":144,"column":7}},"line":142},"14":{"name":"(anonymous_14)","decl":{"start":{"line":145,"column":12},"end":{"line":145,"column":13}},"loc":{"start":{"line":145,"column":18},"end":{"line":147,"column":7}},"line":145},"15":{"name":"(anonymous_15)","decl":{"start":{"line":150,"column":2},"end":{"line":150,"column":3}},"loc":{"start":{"line":150,"column":26},"end":{"line":156,"column":3}},"line":150},"16":{"name":"(anonymous_16)","decl":{"start":{"line":153,"column":34},"end":{"line":153,"column":35}},"loc":{"start":{"line":153,"column":47},"end":{"line":153,"column":61}},"line":153},"17":{"name":"(anonymous_17)","decl":{"start":{"line":154,"column":28},"end":{"line":154,"column":29}},"loc":{"start":{"line":154,"column":41},"end":{"line":154,"column":58}},"line":154},"18":{"name":"(anonymous_18)","decl":{"start":{"line":158,"column":2},"end":{"line":158,"column":3}},"loc":{"start":{"line":158,"column":19},"end":{"line":186,"column":3}},"line":158},"19":{"name":"(anonymous_19)","decl":{"start":{"line":163,"column":12},"end":{"line":163,"column":13}},"loc":{"start":{"line":163,"column":22},"end":{"line":165,"column":7}},"line":163},"20":{"name":"(anonymous_20)","decl":{"start":{"line":168,"column":12},"end":{"line":168,"column":13}},"loc":{"start":{"line":168,"column":26},"end":{"line":174,"column":7}},"line":168},"21":{"name":"(anonymous_21)","decl":{"start":{"line":171,"column":16},"end":{"line":171,"column":17}},"loc":{"start":{"line":171,"column":29},"end":{"line":173,"column":11}},"line":171},"22":{"name":"(anonymous_22)","decl":{"start":{"line":175,"column":12},"end":{"line":175,"column":13}},"loc":{"start":{"line":175,"column":18},"end":{"line":180,"column":7}},"line":175},"23":{"name":"(anonymous_23)","decl":{"start":{"line":177,"column":16},"end":{"line":177,"column":17}},"loc":{"start":{"line":177,"column":28},"end":{"line":179,"column":11}},"line":177},"24":{"name":"(anonymous_24)","decl":{"start":{"line":181,"column":12},"end":{"line":181,"column":13}},"loc":{"start":{"line":181,"column":18},"end":{"line":185,"column":7}},"line":181},"25":{"name":"(anonymous_25)","decl":{"start":{"line":188,"column":2},"end":{"line":188,"column":3}},"loc":{"start":{"line":188,"column":14},"end":{"line":193,"column":3}},"line":188},"26":{"name":"(anonymous_26)","decl":{"start":{"line":195,"column":2},"end":{"line":195,"column":3}},"loc":{"start":{"line":195,"column":11},"end":{"line":233,"column":3}},"line":195}},"branchMap":{"0":{"loc":{"start":{"line":42,"column":17},"end":{"line":42,"column":56}},"type":"binary-expr","locations":[{"start":{"line":42,"column":17},"end":{"line":42,"column":51}},{"start":{"line":42,"column":55},"end":{"line":42,"column":56}}],"line":42},"1":{"loc":{"start":{"line":76,"column":4},"end":{"line":78,"column":5}},"type":"if","locations":[{"start":{"line":76,"column":4},"end":{"line":78,"column":5}},{"start":{},"end":{}}],"line":76},"2":{"loc":{"start":{"line":94,"column":6},"end":{"line":97,"column":7}},"type":"if","locations":[{"start":{"line":94,"column":6},"end":{"line":97,"column":7}},{"start":{},"end":{}}],"line":94},"3":{"loc":{"start":{"line":105,"column":8},"end":{"line":109,"column":9}},"type":"if","locations":[{"start":{"line":105,"column":8},"end":{"line":109,"column":9}},{"start":{},"end":{}}],"line":105},"4":{"loc":{"start":{"line":112,"column":6},"end":{"line":114,"column":7}},"type":"if","locations":[{"start":{"line":112,"column":6},"end":{"line":114,"column":7}},{"start":{},"end":{}}],"line":112},"5":{"loc":{"start":{"line":118,"column":4},"end":{"line":123,"column":5}},"type":"if","locations":[{"start":{"line":118,"column":4},"end":{"line":123,"column":5}},{"start":{},"end":{}}],"line":118},"6":{"loc":{"start":{"line":133,"column":4},"end":{"line":135,"column":5}},"type":"if","locations":[{"start":{"line":133,"column":4},"end":{"line":135,"column":5}},{"start":{},"end":{}}],"line":133},"7":{"loc":{"start":{"line":202,"column":9},"end":{"line":230,"column":11}},"type":"cond-expr","locations":[{"start":{"line":203,"column":12},"end":{"line":203,"column":31}},{"start":{"line":205,"column":12},"end":{"line":229,"column":15}}],"line":202}},"s":{"0":4,"1":4,"2":5,"3":15,"4":15,"5":15,"6":15,"7":15,"8":15,"9":15,"10":15,"11":15,"12":15,"13":15,"14":75,"15":15,"16":15,"17":5,"18":4,"19":4,"20":4,"21":4,"22":4,"23":4,"24":4,"25":4,"26":16,"27":16,"28":0,"29":1,"30":1,"31":1,"32":1,"33":1,"34":1,"35":1,"36":7,"37":1,"38":1,"39":1,"40":1,"41":3,"42":3,"43":3,"44":3,"45":3,"46":3,"47":3,"48":3,"49":3,"50":0,"51":3,"52":1,"53":0,"54":0,"55":0,"56":1,"57":1,"58":1,"59":0,"60":1,"61":1,"62":1,"63":1,"64":1,"65":1,"66":1,"67":1,"68":1,"69":4,"70":4,"71":4,"72":2,"73":4,"74":2,"75":2,"76":2,"77":2,"78":2,"79":2,"80":1,"81":1,"82":20,"83":20,"84":20,"85":4},"f":{"0":5,"1":15,"2":15,"3":75,"4":4,"5":4,"6":16,"7":1,"8":7,"9":3,"10":0,"11":1,"12":1,"13":1,"14":1,"15":1,"16":1,"17":1,"18":4,"19":2,"20":2,"21":2,"22":2,"23":2,"24":2,"25":1,"26":20},"b":{"0":[15,0],"1":[0,16],"2":[1,6],"3":[3,0],"4":[0,3],"5":[0,1],"6":[0,1],"7":[13,7]},"_coverageSchema":"1a1c01bbd47fc00a2c39e90264f33305004495a9","hash":"3d059da776dc0c6d78ed22c0841984d70146be12"}
,"/Users/zacharia/Documents/code/HackReactor/project_catwalk/client/src/components/Related/ReverseArrow.jsx": {"path":"/Users/zacharia/Documents/code/HackReactor/project_catwalk/client/src/components/Related/ReverseArrow.jsx","statementMap":{"0":{"start":{"line":6,"column":15},"end":{"line":9,"column":1}},"1":{"start":{"line":11,"column":22},"end":{"line":18,"column":1}},"2":{"start":{"line":20,"column":21},"end":{"line":29,"column":1}},"3":{"start":{"line":21,"column":22},"end":{"line":21,"column":27}},"4":{"start":{"line":22,"column":2},"end":{"line":28,"column":4}},"5":{"start":{"line":31,"column":0},"end":{"line":33,"column":2}}},"fnMap":{"0":{"name":"(anonymous_0)","decl":{"start":{"line":20,"column":21},"end":{"line":20,"column":22}},"loc":{"start":{"line":20,"column":32},"end":{"line":29,"column":1}},"line":20}},"branchMap":{},"s":{"0":6,"1":6,"2":6,"3":2,"4":1,"5":6},"f":{"0":2},"b":{},"_coverageSchema":"1a1c01bbd47fc00a2c39e90264f33305004495a9","hash":"ac6d2b778f27796008fcd4e4829e92ac818509e8"}
,"/Users/zacharia/Documents/code/HackReactor/project_catwalk/client/src/components/Reviews/APIcalls.jsx": {"path":"/Users/zacharia/Documents/code/HackReactor/project_catwalk/client/src/components/Reviews/APIcalls.jsx","statementMap":{"0":{"start":{"line":4,"column":12},"end":{"line":51,"column":1}},"1":{"start":{"line":6,"column":4},"end":{"line":17,"column":7}},"2":{"start":{"line":20,"column":4},"end":{"line":29,"column":7}},"3":{"start":{"line":32,"column":4},"end":{"line":40,"column":6}},"4":{"start":{"line":43,"column":4},"end":{"line":49,"column":6}}},"fnMap":{"0":{"name":"(anonymous_0)","decl":{"start":{"line":5,"column":14},"end":{"line":5,"column":15}},"loc":{"start":{"line":5,"column":32},"end":{"line":18,"column":3}},"line":5},"1":{"name":"(anonymous_1)","decl":{"start":{"line":19,"column":11},"end":{"line":19,"column":12}},"loc":{"start":{"line":19,"column":23},"end":{"line":30,"column":3}},"line":19},"2":{"name":"(anonymous_2)","decl":{"start":{"line":31,"column":8},"end":{"line":31,"column":9}},"loc":{"start":{"line":31,"column":20},"end":{"line":41,"column":3}},"line":31},"3":{"name":"(anonymous_3)","decl":{"start":{"line":42,"column":7},"end":{"line":42,"column":8}},"loc":{"start":{"line":42,"column":30},"end":{"line":50,"column":3}},"line":42}},"branchMap":{},"s":{"0":2,"1":6,"2":6,"3":0,"4":0},"f":{"0":6,"1":6,"2":0,"3":0},"b":{},"_coverageSchema":"1a1c01bbd47fc00a2c39e90264f33305004495a9","hash":"0b0cbe32047be4f6a99369212d11fb6a9348e944"}
,"/Users/zacharia/Documents/code/HackReactor/project_catwalk/client/src/components/Reviews/breakdownProduct.jsx": {"path":"/Users/zacharia/Documents/code/HackReactor/project_catwalk/client/src/components/Reviews/breakdownProduct.jsx","statementMap":{"0":{"start":{"line":5,"column":25},"end":{"line":46,"column":1}},"1":{"start":{"line":8,"column":6},"end":{"line":8,"column":11}},"2":{"start":{"line":9,"column":23},"end":{"line":12,"column":3}},"3":{"start":{"line":10,"column":4},"end":{"line":10,"column":27}},"4":{"start":{"line":11,"column":4},"end":{"line":11,"column":30}},"5":{"start":{"line":14,"column":2},"end":{"line":45,"column":3}},"6":{"start":{"line":15,"column":18},"end":{"line":23,"column":6}},"7":{"start":{"line":16,"column":6},"end":{"line":22,"column":8}},"8":{"start":{"line":24,"column":4},"end":{"line":44,"column":6}},"9":{"start":{"line":32,"column":16},"end":{"line":34,"column":17}},"10":{"start":{"line":33,"column":18},"end":{"line":33,"column":30}},"11":{"start":{"line":45,"column":4},"end":{"line":45,"column":16}}},"fnMap":{"0":{"name":"(anonymous_0)","decl":{"start":{"line":5,"column":25},"end":{"line":5,"column":26}},"loc":{"start":{"line":5,"column":42},"end":{"line":46,"column":1}},"line":5},"1":{"name":"(anonymous_1)","decl":{"start":{"line":9,"column":23},"end":{"line":9,"column":24}},"loc":{"start":{"line":9,"column":40},"end":{"line":12,"column":3}},"line":9},"2":{"name":"(anonymous_2)","decl":{"start":{"line":15,"column":43},"end":{"line":15,"column":44}},"loc":{"start":{"line":16,"column":6},"end":{"line":22,"column":8}},"line":16},"3":{"name":"(anonymous_3)","decl":{"start":{"line":31,"column":73},"end":{"line":31,"column":74}},"loc":{"start":{"line":31,"column":83},"end":{"line":35,"column":15}},"line":31}},"branchMap":{"0":{"loc":{"start":{"line":14,"column":2},"end":{"line":45,"column":3}},"type":"if","locations":[{"start":{"line":14,"column":2},"end":{"line":45,"column":3}},{"start":{},"end":{}}],"line":14},"1":{"loc":{"start":{"line":27,"column":9},"end":{"line":40,"column":16}},"type":"cond-expr","locations":[{"start":{"line":29,"column":12},"end":{"line":38,"column":18}},{"start":{"line":40,"column":12},"end":{"line":40,"column":16}}],"line":27},"2":{"loc":{"start":{"line":32,"column":16},"end":{"line":34,"column":17}},"type":"if","locations":[{"start":{"line":32,"column":16},"end":{"line":34,"column":17}},{"start":{},"end":{}}],"line":32}},"s":{"0":3,"1":17,"2":17,"3":0,"4":0,"5":17,"6":17,"7":64,"8":17,"9":20,"10":7,"11":0},"f":{"0":17,"1":0,"2":64,"3":20},"b":{"0":[17,0],"1":[4,13],"2":[7,13]},"_coverageSchema":"1a1c01bbd47fc00a2c39e90264f33305004495a9","hash":"ead6e69cd2576572cec37edcc670d1f992b6e81d"}
,"/Users/zacharia/Documents/code/HackReactor/project_catwalk/client/src/components/Reviews/breakdownRating.jsx": {"path":"/Users/zacharia/Documents/code/HackReactor/project_catwalk/client/src/components/Reviews/breakdownRating.jsx","statementMap":{"0":{"start":{"line":3,"column":24},"end":{"line":25,"column":1}},"1":{"start":{"line":6,"column":6},"end":{"line":6,"column":11}},"2":{"start":{"line":8,"column":23},"end":{"line":11,"column":3}},"3":{"start":{"line":9,"column":4},"end":{"line":9,"column":27}},"4":{"start":{"line":10,"column":4},"end":{"line":10,"column":49}},"5":{"start":{"line":13,"column":2},"end":{"line":13,"column":28}},"6":{"start":{"line":13,"column":14},"end":{"line":13,"column":26}},"7":{"start":{"line":15,"column":2},"end":{"line":24,"column":4}}},"fnMap":{"0":{"name":"(anonymous_0)","decl":{"start":{"line":3,"column":24},"end":{"line":3,"column":25}},"loc":{"start":{"line":3,"column":41},"end":{"line":25,"column":1}},"line":3},"1":{"name":"(anonymous_1)","decl":{"start":{"line":8,"column":23},"end":{"line":8,"column":24}},"loc":{"start":{"line":8,"column":40},"end":{"line":11,"column":3}},"line":8}},"branchMap":{"0":{"loc":{"start":{"line":13,"column":2},"end":{"line":13,"column":28}},"type":"if","locations":[{"start":{"line":13,"column":2},"end":{"line":13,"column":28}},{"start":{},"end":{}}],"line":13}},"s":{"0":3,"1":64,"2":64,"3":4,"4":4,"5":64,"6":0,"7":64},"f":{"0":64,"1":4},"b":{"0":[0,64]},"_coverageSchema":"1a1c01bbd47fc00a2c39e90264f33305004495a9","hash":"1b693130a6d24e926790952e3ffee69159a3cf52"}
,"/Users/zacharia/Documents/code/HackReactor/project_catwalk/client/src/components/Reviews/breakdownScale.jsx": {"path":"/Users/zacharia/Documents/code/HackReactor/project_catwalk/client/src/components/Reviews/breakdownScale.jsx","statementMap":{"0":{"start":{"line":3,"column":23},"end":{"line":11,"column":1}},"1":{"start":{"line":4,"column":2},"end":{"line":10,"column":8}},"2":{"start":{"line":6,"column":6},"end":{"line":8,"column":12}}},"fnMap":{"0":{"name":"(anonymous_0)","decl":{"start":{"line":3,"column":23},"end":{"line":3,"column":24}},"loc":{"start":{"line":4,"column":2},"end":{"line":10,"column":8}},"line":4},"1":{"name":"(anonymous_1)","decl":{"start":{"line":5,"column":34},"end":{"line":5,"column":35}},"loc":{"start":{"line":6,"column":6},"end":{"line":8,"column":12}},"line":6}},"branchMap":{},"s":{"0":3,"1":17,"2":40},"f":{"0":17,"1":40},"b":{},"_coverageSchema":"1a1c01bbd47fc00a2c39e90264f33305004495a9","hash":"fddd0425b965be6e210347ff47284fe5429cade0"}
,"/Users/zacharia/Documents/code/HackReactor/project_catwalk/client/src/components/Reviews/reviewList.jsx": {"path":"/Users/zacharia/Documents/code/HackReactor/project_catwalk/client/src/components/Reviews/reviewList.jsx","statementMap":{"0":{"start":{"line":9,"column":4},"end":{"line":9,"column":17}},"1":{"start":{"line":10,"column":4},"end":{"line":14,"column":5}},"2":{"start":{"line":18,"column":4},"end":{"line":28,"column":5}},"3":{"start":{"line":19,"column":6},"end":{"line":22,"column":7}},"4":{"start":{"line":19,"column":36},"end":{"line":21,"column":7}},"5":{"start":{"line":24,"column":6},"end":{"line":27,"column":7}},"6":{"start":{"line":24,"column":36},"end":{"line":26,"column":7}},"7":{"start":{"line":32,"column":4},"end":{"line":34,"column":6}},"8":{"start":{"line":37,"column":4},"end":{"line":39,"column":6}},"9":{"start":{"line":43,"column":4},"end":{"line":45,"column":6}},"10":{"start":{"line":47,"column":4},"end":{"line":47,"column":40}},"11":{"start":{"line":51,"column":4},"end":{"line":51,"column":41}},"12":{"start":{"line":55,"column":65},"end":{"line":55,"column":75}},"13":{"start":{"line":56,"column":36},"end":{"line":56,"column":46}},"14":{"start":{"line":57,"column":4},"end":{"line":57,"column":53}},"15":{"start":{"line":57,"column":39},"end":{"line":57,"column":51}},"16":{"start":{"line":58,"column":17},"end":{"line":70,"column":6}},"17":{"start":{"line":59,"column":6},"end":{"line":69,"column":7}},"18":{"start":{"line":62,"column":8},"end":{"line":64,"column":9}},"19":{"start":{"line":63,"column":10},"end":{"line":63,"column":20}},"20":{"start":{"line":65,"column":8},"end":{"line":68,"column":39}},"21":{"start":{"line":72,"column":4},"end":{"line":97,"column":6}},"22":{"start":{"line":101,"column":0},"end":{"line":104,"column":2}}},"fnMap":{"0":{"name":"(anonymous_0)","decl":{"start":{"line":8,"column":2},"end":{"line":8,"column":3}},"loc":{"start":{"line":8,"column":21},"end":{"line":15,"column":3}},"line":8},"1":{"name":"(anonymous_1)","decl":{"start":{"line":17,"column":2},"end":{"line":17,"column":3}},"loc":{"start":{"line":17,"column":18},"end":{"line":29,"column":3}},"line":17},"2":{"name":"(anonymous_2)","decl":{"start":{"line":19,"column":20},"end":{"line":19,"column":21}},"loc":{"start":
[...]
e":92,"column":3}},"loc":{"start":{"line":92,"column":18},"end":{"line":102,"column":3}},"line":92},"16":{"name":"(anonymous_16)","decl":{"start":{"line":97,"column":18},"end":{"line":97,"column":19}},"loc":{"start":{"line":97,"column":28},"end":{"line":100,"column":5}},"line":97},"17":{"name":"(anonymous_17)","decl":{"start":{"line":104,"column":2},"end":{"line":104,"column":3}},"loc":{"start":{"line":104,"column":25},"end":{"line":148,"column":3}},"line":104},"18":{"name":"(anonymous_18)","decl":{"start":{"line":132,"column":20},"end":{"line":132,"column":21}},"loc":{"start":{"line":132,"column":36},"end":{"line":138,"column":7}},"line":132},"19":{"name":"(anonymous_19)","decl":{"start":{"line":140,"column":20},"end":{"line":140,"column":21}},"loc":{"start":{"line":140,"column":36},"end":{"line":146,"column":7}},"line":140},"20":{"name":"(anonymous_20)","decl":{"start":{"line":150,"column":2},"end":{"line":150,"column":3}},"loc":{"start":{"line":150,"column":22},"end":{"line":161,"column":3}},"line":150},"21":{"name":"(anonymous_21)","decl":{"start":{"line":163,"column":2},"end":{"line":163,"column":3}},"loc":{"start":{"line":163,"column":11},"end":{"line":193,"column":3}},"line":163}},"branchMap":{"0":{"loc":{"start":{"line":106,"column":4},"end":{"line":147,"column":5}},"type":"if","locations":[{"start":{"line":106,"column":4},"end":{"line":147,"column":5}},{"start":{"line":118,"column":11},"end":{"line":147,"column":5}}],"line":106},"1":{"loc":{"start":{"line":118,"column":11},"end":{"line":147,"column":5}},"type":"if","locations":[{"start":{"line":118,"column":11},"end":{"line":147,"column":5}},{"start":{"line":130,"column":11},"end":{"line":147,"column":5}}],"line":118},"2":{"loc":{"start":{"line":118,"column":15},"end":{"line":118,"column":73}},"type":"binary-expr","locations":[{"start":{"line":118,"column":15},"end":{"line":118,"column":43}},{"start":{"line":118,"column":47},"end":{"line":118,"column":73}}],"line":118},"3":{"loc":{"start":{"line":130,"column":11},"end":{"line":147,"column":5}},"type":"if","locations":[{"start":{"line":130,"column":11},"end":{"line":147,"column":5}},{"start":{"line":139,"column":11},"end":{"line":147,"column":5}}],"line":130}},"s":{"0":6,"1":6,"2":6,"3":6,"4":6,"5":4,"6":0,"7":6,"8":5,"9":0,"10":0,"11":0,"12":0,"13":0,"14":0,"15":0,"16":0,"17":0,"18":0,"19":0,"20":0,"21":0,"22":0,"23":14,"24":14,"25":14,"26":14,"27":14,"28":49,"29":49,"30":14,"31":4,"32":2,"33":2,"34":0,"35":2,"36":0,"37":0,"38":2,"39":2,"40":0,"41":14,"42":14},"f":{"0":6,"1":6,"2":6,"3":4,"4":0,"5":5,"6":0,"7":0,"8":0,"9":0,"10":0,"11":0,"12":0,"13":0,"14":0,"15":14,"16":49,"17":4,"18":0,"19":2,"20":0,"21":14},"b":{"0":[2,2],"1":[0,2],"2":[2,0],"3":[0,2]},"_coverageSchema":"1a1c01bbd47fc00a2c39e90264f33305004495a9","hash":"88d96cfe62afcaccef339a125c5f8459a32f264f"}
,"/Users/zacharia/Documents/code/HackReactor/project_catwalk/server/config.js": {"path":"/Users/zacharia/Documents/code/HackReactor/project_catwalk/server/config.js","statementMap":{"0":{"start":{"line":1,"column":16},"end":{"line":1,"column":58}},"1":{"start":{"line":2,"column":0},"end":{"line":2,"column":25}}},"fnMap":{},"branchMap":{},"s":{"0":1,"1":1},"f":{},"b":{},"_coverageSchema":"1a1c01bbd47fc00a2c39e90264f33305004495a9","hash":"4156dc358062fe30aac5a654db163ad26dd068fc"}
,"/Users/zacharia/Documents/code/HackReactor/project_catwalk/server/index.js": {"path":"/Users/zacharia/Documents/code/HackReactor/project_catwalk/server/index.js","statementMap":{"0":{"start":{"line":1,"column":16},"end":{"line":1,"column":34}},"1":{"start":{"line":2,"column":13},"end":{"line":2,"column":28}},"2":{"start":{"line":3,"column":14},"end":{"line":3,"column":30}},"3":{"start":{"line":5,"column":12},"end":{"line":5,"column":21}},"4":{"start":{"line":6,"column":0},"end":{"line":6,"column":49}},"5":{"start":{"line":7,"column":0},"end":{"line":7,"column":24}},"6":{"start":{"line":9,"column":19},"end":{"line":9,"column":57}},"7":{"start":{"line":10,"column":0},"end":{"line":10,"column":36}},"8":{"start":{"line":12,"column":16},"end":{"line":12,"column":69}},"9":{"start":{"line":15,"column":0},"end":{"line":28,"column":3}},"10":{"start":{"line":16,"column":26},"end":{"line":16,"column":35}},"11":{"start":{"line":17,"column":28},"end":{"line":17,"column":39}},"12":{"start":{"line":18,"column":14},"end":{"line":18,"column":64}},"13":{"start":{"line":19,"column":18},"end":{"line":19,"column":48}},"14":{"start":{"line":21,"column":2},"end":{"line":27,"column":7}},"15":{"start":{"line":23,"column":6},"end":{"line":23,"column":54}},"16":{"start":{"line":26,"column":6},"end":{"line":26,"column":62}},"17":{"start":{"line":30,"column":0},"end":{"line":43,"column":3}},"18":{"start":{"line":31,"column":17},"end":{"line":31,"column":27}},"19":{"start":{"line":32,"column":28},"end":{"line":32,"column":39}},"20":{"start":{"line":33,"column":14},"end":{"line":33,"column":41}},"21":{"start":{"line":34,"column":18},"end":{"line":34,"column":48}},"22":{"start":{"line":36,"column":2},"end":{"line":42,"column":7}},"23":{"start":{"line":38,"column":6},"end":{"line":38,"column":54}},"24":{"start":{"line":41,"column":6},"end":{"line":41,"column":62}},"25":{"start":{"line":45,"column":0},"end":{"line":58,"column":3}},"26":{"start":{"line":46,"column":17},"end":{"line":46,"column":27}},"27":{"start":{"line":47,"column":28},"end":{"line":47,"column":39}},"28":{"start":{"line":48,"column":14},"end":{"line":48,"column":48}},"29":{"start":{"line":49,"column":18},"end":{"line":49,"column":48}},"30":{"start":{"line":51,"column":2},"end":{"line":57,"column":7}},"31":{"start":{"line":53,"column":6},"end":{"line":53,"column":54}},"32":{"start":{"line":56,"column":6},"end":{"line":56,"column":62}},"33":{"start":{"line":60,"column":0},"end":{"line":73,"column":3}},"34":{"start":{"line":61,"column":17},"end":{"line":61,"column":27}},"35":{"start":{"line":62,"column":28},"end":{"line":62,"column":39}},"36":{"start":{"line":63,"column":14},"end":{"line":63,"column":49}},"37":{"start":{"line":64,"column":18},"end":{"line":64,"column":48}},"38":{"start":{"line":66,"column":2},"end":{"line":72,"column":7}},"39":{"start":{"line":68,"column":6},"end":{"line":68,"column":54}},"40":{"start":{"line":71,"column":6},"end":{"line":71,"column":62}},"41":{"start":{"line":75,"column":0},"end":{"line":88,"column":3}},"42":{"start":{"line":76,"column":17},"end":{"line":76,"column":26}},"43":{"start":{"line":77,"column":28},"end":{"line":77,"column":39}},"44":{"start":{"line":78,"column":14},"end":{"line":78,"column":57}},"45":{"start":{"line":79,"column":18},"end":{"line":79,"column":48}},"46":{"start":{"line":81,"column":2},"end":{"line":87,"column":7}},"47":{"start":{"line":83,"column":6},"end":{"line":83,"column":54}},"48":{"start":{"line":86,"column":6},"end":{"line":86,"column":62}},"49":{"start":{"line":92,"column":0},"end":{"line":106,"column":3}},"50":{"start":{"line":93,"column":17},"end":{"line":93,"column":27}},"51":{"start":{"line":94,"column":20},"end":{"line":94,"column":29}},"52":{"start":{"line":95,"column":28},"end":{"line":95,"column":39}},"53":{"start":{"line":96,"column":14},"end":{"line":96,"column":57}},"54":{"start":{"line":97,"column":18},"end":{"line":97,"column":67}},"55":{"start":{"line":99,"column":2},"end":{"line":105,"column":7}},"56":{"start":{"line":101,"column":6},"end":{"line":101,"column":30}},"57":{"start":{"line":104,"column":6},"end":{"line":104,"column":20}},"58":{"start":{"line":108,"column":0},"end":{"line":122,"column":3}},"59":{"start":{"line":109,"column":26},"end":{"line":109,"column":36}},"60":{"start":{"line":110,"column":28},"end":{"line":110,"column":39}},"61":{"start":{"line":111,"column":14},"end":{"line":111,"column":62}},"62":{"start":{"line":112,"column":18},"end":{"line":112,"column":48}},"63":{"start":{"line":114,"column":2},"end":{"line":121,"column":7}},"64":{"start":{"line":116,"column":26},"end":{"line":116,"column":39}},"65":{"start":{"line":117,"column":6},"end":{"line":117,"column":48}},"66":{"start":{"line":120,"column":6},"end":{"line":120,"column":62}},"67":{"start":{"line":125,"column":0},"end":{"line":138,"column":3}},"68":{"start":{"line":126,"column":19},"end":{"line":126,"column":27}},"69":{"start":{"line":127,"column":28},"end":{"line":127,"column":39}},"70":{"start":{"line":128,"column":14},"end":{"line":128,"column":39}},"71":{"start":{"line":129,"column":18},"end":{"line":129,"column":35}},"72":{"start":{"line":131,"column":2},"end":{"line":137,"column":7}},"73":{"start":{"line":133,"column":6},"end":{"line":133,"column":49}},"74":{"start":{"line":136,"column":6},"end":{"line":136,"column":22}},"75":{"start":{"line":141,"column":0},"end":{"line":157,"column":3}},"76":{"start":{"line":142,"column":15},"end":{"line":142,"column":23}},"77":{"start":{"line":144,"column":26},"end":{"line":144,"column":36}},"78":{"start":{"line":145,"column":28},"end":{"line":145,"column":39}},"79":{"start":{"line":146,"column":18},"end":{"line":146,"column":35}},"80":{"start":{"line":148,"column":14},"end":{"line":148,"column":62}},"81":{"start":{"line":150,"column":2},"end":{"line":156,"column":7}},"82":{"start":{"line":152,"column":6},"end":{"line":152,"column":54}},"83":{"start":{"line":155,"column":6},"end":{"line":155,"column":36}},"84":{"start":{"line":160,"column":0},"end":{"line":172,"column":3}},"85":{"start":{"line":161,"column":26},"end":{"line":161,"column":36}},"86":{"start":{"line":162,"column":14},"end":{"line":162,"column":62}},"87":{"start":{"line":163,"column":28},"end":{"line":163,"column":39}},"88":{"start":{"line":164,"column":18},"end":{"line":164,"column":35}},"89":{"start":{"line":165,"column":2},"end":{"line":171,"column":7}},"90":{"start":{"line":167,"column":6},"end":{"line":167,"column":54}},"91":{"start":{"line":170,"column":6},"end":{"line":170,"column":22}},"92":{"start":{"line":175,"column":0},"end":{"line":188,"column":3}},"93":{"start":{"line":176,"column":24},"end":{"line":176,"column":34}},"94":{"start":{"line":177,"column":14},"end":{"line":177,"column":58}},"95":{"start":{"line":178,"column":28},"end":{"line":178,"column":39}},"96":{"start":{"line":179,"column":18},"end":{"line":179,"column":35}},"97":{"start":{"line":181,"column":2},"end":{"line":187,"column":7}},"98":{"start":{"line":183,"column":6},"end":{"line":183,"column":36}},"99":{"start":{"line":186,"column":6},"end":{"line":186,"column":22}},"100":{"start":{"line":191,"column":0},"end":{"line":204,"column":3}},"101":{"start":{"line":192,"column":26},"end":{"line":192,"column":36}},"102":{"start":{"line":193,"column":14},"end":{"line":193,"column":61}},"103":{"start":{"line":194,"column":28},"end":{"line":194,"column":39}},"104":{"start":{"line":195,"column":18},"end":{"line":195,"column":35}},"105":{"start":{"line":197,"column":2},"end":{"line":203,"column":7}},"106":{"start":{"line":199,"column":6},"end":{"line":199,"column":49}},"107":{"start":{"line":202,"column":6},"end":{"line":202,"column":43}},"108":{"start":{"line":207,"column":0},"end":{"line":220,"column":3}},"109":{"start":{"line":208,"column":24},"end":{"line":208,"column":34}},"110":{"start":{"line":209,"column":14},"end":{"line":209,"column":57}},"111":{"start":{"line":210,"column":28},"end":{"line":210,"column":39}},"112":{"start":{"line":211,"column":18},"end":{"line":211,"column":35}},"113":{"start":{"line":213,"column":2},"end":{"line":219,"column":7}},"114":{"start":{"line":215,"column":6},"end":{"line":215,"column":45}},"115":{"start":{"line":218,"column":6},"end":{"line":218,"column":22}},"116":{"start":{"line":222,"column":0},"end":{"line":222,"column":21}}},"fnMap":{"0":{"name":"(anonymous_0)","decl":{"start":{"line":15,"column":21},"end":{"line":15,"column":22}},"loc":{"start":{"line":15,"column":35},"end":{"line":28,"column":1}},"line":15},"1":{"name":"(anonymous_1)","decl":{"start":{"line":22,"column":10},"end":{"line":22,"column":11}},"loc":{"start":{"line":22,"column":24},"end":{"line":24,"column":5}},"line":22},"2":{"name":"(anonymous_2)","decl":{"start":{"line":25,"column":11},"end":{"line":25,"column":12}},"loc":{"start":{"line":25,"column":20},"end":{"line":27,"column":5}},"line":25},"3":{"name":"(anonymous_3)","decl":{"start":{"line":30,"column":25},"end":{"line":30,"column":26}},"loc":{"start":{"line":30,"column":39},"end":{"line":43,"column":1}},"line":30},"4":{"name":"(anonymous_4)","decl":{"start":{"line":37,"column":10},"end":{"line":37,"column":11}},"loc":{"start":{"line":37,"column":24},"end":{"line":39,"column":5}},"line":37},"5":{"name":"(anonymous_5)","decl":{"start":{"line":40,"column":11},"end":{"line":40,"column":12}},"loc":{"start":{"line":40,"column":20},"end":{"line":42,"column":5}},"line":40},"6":{"name":"(anonymous_6)","decl":{"start":{"line":45,"column":32},"end":{"line":45,"column":33}},"loc":{"start":{"line":45,"column":46},"end":{"line":58,"column":1}},"line":45},"7":{"name":"(anonymous_7)","decl":{"start":{"line":52,"column":10},"end":{"line":52,"column":11}},"loc":{"start":{"line":52,"column":24},"end":{"line":54,"column":5}},"line":52},"8":{"name":"(anonymous_8)","decl":{"start":{"line":55,"column":11},"end":{"line":55,"column":12}},"loc":{"start":{"line":55,"column":20},"end":{"line":57,"column":5}},"line":55},"9":{"name":"(anonymous_9)","decl":{"start":{"line":60,"column":33},"end":{"line":60,"column":34}},"loc":{"start":{"line":60,"column":47},"end":{"line":73,"column":1}},"line":60},"10":{"name":"(anonymous_10)","decl":{"start":{"line":67,"column":10},"end":{"line":67,"column":11}},"loc":{"start":{"line":67,"column":24},"end":{"line":69,"column":5}},"line":67},"11":{"name":"(anonymous_11)","decl":{"start":{"line":70,"column":11},"end":{"line":70,"column":12}},"loc":{"start":{"line":70,"column":20},"end":{"line":72,"column":5}},"line":70},"12":{"name":"(anonymous_12)","decl":{"start":{"line":75,"column":25},"end":{"line":75,"column":26}},"loc":{"start":{"line":75,"column":39},"end":{"line":88,"column":1}},"line":75},"13":{"name":"(anonymous_13)","decl":{"start":{"line":82,"column":10},"end":{"line":82,"column":11}},"loc":{"start":{"line":82,"column":24},"end":{"line":84,"column":5}},"line":82},"14":{"name":"(anonymous_14)","decl":{"start":{"line":85,"column":11},"end":{"line":85,"column":12}},"loc":{"start":{"line":85,"column":20},"end":{"line":87,"column":5}},"line":85},"15":{"name":"(anonymous_15)","decl":{"start":{"line":92,"column":29},"end":{"line":92,"column":30}},"loc":{"start":{"line":92,"column":43},"end":{"line":106,"column":1}},"line":92},"16":{"name":"(anonymous_16)","decl":{"start":{"line":100,"column":10},"end":{"line":100,"column":11}},"loc":{"start":{"line":100,"column":24},"end":{"line":102,"column":5}},"line":100},"17":{"name":"(anonymous_17)","decl":{"start":{"line":103,"column":11},"end":{"line":103,"column":12}},"loc":{"start":{"line":103,"column":20},"end":{"line":105,"column":5}},"line":103},"18":{"name":"(anonymous_18)","decl":{"start":{"line":108,"column":36},"end":{"line":108,"column":37}},"loc":{"start":{"line":108,"column":50},"end":{"line":122,"column":1}},"line":108},"19":{"name":"(anonymous_19)","decl":{"start":{"line":115,"column":10},"end":{"line":115,"column":11}},"loc":{"start":{"line":115,"column":24},"end":{"line":118,"column":5}},"line":115},"20":{"name":"(anonymous_20)","decl":{"start":{"line":119,"column":11},"end":{"line":119,"column":12}},"loc":{"start":{"line":119,"column":20},"end":{"line":121,"column":5}},"line":119},"21":{"name":"(anonymous_21)","decl":{"start":{"line":125,"column":26},"end":{"line":125,"column":27}},"loc":{"start":{"line":125,"column":40},"end":{"line":138,"column":1}},"line":125},"22":{"name":"(anonymous_22)","decl":{"start":{"line":132,"column":10},"end":{"line":132,"column":11}},"loc":{"start":{"line":132,"column":24},"end":{"line":134,"column":5}},"line":132},"23":{"name":"(anonymous_23)","decl":{"start":{"line":135,"column":11},"end":{"line":135,"column":12}},"loc":{"start":{"line":135,"column":22},"end":{"line":137,"column":5}},"line":135},"24":{"name":"(anonymous_24)","decl":{"start":{"line":141,"column":37},"end":{"line":141,"column":38}},"loc":{"start":{"line":141,"column":51},"end":{"line":157,"column":1}},"line":141},"25":{"name":"(anonymous_25)","decl":{"start":{"line":151,"column":10},"end":{"line":151,"column":11}},"loc":{"start":{"line":151,"column":24},"end":{"line":153,"column":5}},"line":151},"26":{"name":"(anonymous_26)","decl":{"start":{"line":154,"column":11},"end":{"line":154,"column":12}},"loc":{"start":{"line":154,"column":22},"end":{"line":156,"column":5}},"line":154},"27":{"name":"(anonymous_27)","decl":{"start":{"line":160,"column":46},"end":{"line":160,"column":47}},"loc":{"start":{"line":160,"column":60},"end":{"line":172,"column":1}},"line":160},"28":{"name":"(anonymous_28)","decl":{"start":{"line":166,"column":10},"end":{"line":166,"column":11}},"loc":{"start":{"line":166,"column":24},"end":{"line":168,"column":5}},"line":166},"29":{"name":"(anonymous_29)","decl":{"start":{"line":169,"column":11},"end":{"line":169,"column":12}},"loc":{"start":{"line":169,"column":22},"end":{"line":171,"column":5}},"line":169},"30":{"name":"(anonymous_30)","decl":{"start":{"line":175,"column":42},"end":{"line":175,"column":43}},"loc":{"start":{"line":175,"column":56},"end":{"line":188,"column":1}},"line":175},"31":{"name":"(anonymous_31)","decl":{"start":{"line":182,"column":10},"end":{"line":182,"column":11}},"loc":{"start":{"line":182,"column":32},"end":{"line":184,"column":5}},"line":182},"32":{"name":"(anonymous_32)","decl":{"start":{"line":185,"column":11},"end":{"line":185,"column":12}},"loc":{"start":{"line":185,"column":22},"end":{"line":187,"column":5}},"line":185},"33":{"name":"(anonymous_33)","decl":{"start":{"line":191,"column":45},"end":{"line":191,"column":46}},"loc":{"start":{"line":191,"column":59},"end":{"line":204,"column":1}},"line":191},"34":{"name":"(anonymous_34)","decl":{"start":{"line":198,"column":10},"end":{"line":198,"column":11}},"loc":{"start":{"line":198,"column":24},"end":{"line":200,"column":5}},"line":198},"35":{"name":"(anonymous_35)","decl":{"start":{"line":201,"column":11},"end":{"line":201,"column":12}},"loc":{"start":{"line":201,"column":22},"end":{"line":203,"column":5}},"line":201},"36":{"name":"(anonymous_36)","decl":{"start":{"line":207,"column":41},"end":{"line":207,"column":42}},"loc":{"start":{"line":207,"column":55},"end":{"line":220,"column":1}},"line":207},"37":{"name":"(anonymous_37)","decl":{"start":{"line":214,"column":10},"end":{"line":214,"column":11}},"loc":{"start":{"line":214,"column":32},"end":{"line":216,"column":5}},"line":214},"38":{"name":"(anonymous_38)","decl":{"start":{"line":217,"column":11},"end":{"line":217,"column":12}},"loc":{"start":{"line":217,"column":22},"end":{"line":219,"column":5}},"line":217}},"branchMap":{},"s":{"0":1,"1":1,"2":1,"3":1,"4":1,"5":1,"6":1,"7":1,"8":1,"9":1,"10":5,"11":5,"12":5,"13":5,"14":5,"15":5,"16":0,"17":1,"18":4,"19":4,"20":4,"21":4,"22":4,"23":1,"24":3,"25":1,"26":1,"27":1,"28":1,"29":1,"30":1,"31":1,"32":0,"33":1,"34":1,"35":1,"36":1,"37":1,"38":1,"39":1,"40":0,"41":1,"42":0,"43":0,"44":0,"45":0,"46":0,"47":0,"48":0,"49":1,"50":0,"51":0,"52":0,"53":0,"54":0,"55":0,"56":0,"57":0,"58":1,"59":0,"60":0,"61":0,"62":0,"63":0,"64":0,"65":0,"66":0,"67":1,"68":0,"69":0,"70":0,"71":0,"72":0,"73":0,"74":0,"75":1,"76":0,"77":0,"78":0,"79":0,"80":0,"81":0,"82":0,"83":0,"84":1,"85":0,"86":0,"87":0,"88":0,"89":0,"90":0,"91":0,"92":1,"93":0,"94":0,"95":0,"96":0,"97":0,"98":0,"99":0,"100":1,"101":0,"102":0,"103":0,"104":0,"105":0,"106":0,"107":0,"108":1,"109":0,"110":0,"111":0,"112":0,"113":0,"114":0,"115":0,"116":1},"f":{"0":5,"1":5,"2":0,"3":4,"4":1,"5":3,"6":1,"7":1,"8":0,"9":1,"10":1,"11":0,"12":0,"13":0,"14":0,"15":0,"16":0,"17":0,"18":0,"19":0,"20":0,"21":0,"22":0,"23":0,"24":0,"25":0,"26":0,"27":0,"28":0,"29":0,"30":0,"31":0,"32":0,"33":0,"34":0,"35":0,"36":0,"37":0,"38":0},"b":{},"_coverageSchema":"1a1c01bbd47fc00a2c39e90264f33305004495a9","hash":"c0efbef646b86d2d68cb1294dd14db5c926ae497"}
}
