TN:
SF:client/config.js
FNF:0
FNH:0
DA:1,13
LF:1
LH:1
BRF:0
BRH:0
end_of_record
TN:
SF:client/src/utils.js
FN:7,(anonymous_0)
FN:9,(anonymous_1)
FN:11,(anonymous_2)
FN:13,(anonymous_3)
FN:15,(anonymous_4)
FN:17,(anonymous_5)
FN:19,(anonymous_6)
FN:20,(anonymous_7)
FN:23,(anonymous_8)
FN:27,(anonymous_9)
FN:31,(anonymous_10)
FN:35,(anonymous_11)
FN:39,(anonymous_12)
FN:43,(anonymous_13)
FN:47,(anonymous_14)
FN:51,(anonymous_15)
FNF:16
FNH:7
FNDA:0,(anonymous_0)
FNDA:20,(anonymous_1)
FNDA:15,(anonymous_2)
FNDA:4,(anonymous_3)
FNDA:15,(anonymous_4)
FNDA:0,(anonymous_5)
FNDA:0,(anonymous_6)
FNDA:0,(anonymous_7)
FNDA:1,(anonymous_8)
FNDA:0,(anonymous_9)
FNDA:0,(anonymous_10)
FNDA:0,(anonymous_11)
FNDA:1,(anonymous_12)
FNDA:1,(anonymous_13)
FNDA:0,(anonymous_14)
FNDA:0,(anonymous_15)
DA:5,11
DA:7,11
DA:9,20
DA:11,15
DA:13,11
DA:15,15
DA:17,11
DA:18,0
DA:19,0
DA:20,0
DA:23,11
DA:24,1
DA:27,11
DA:28,0
DA:31,11
DA:32,0
DA:35,11
DA:36,0
DA:39,11
DA:40,1
DA:43,11
DA:44,1
DA:47,11
DA:48,0
DA:51,11
DA:52,0
LF:26
LH:18
BRF:0
BRH:0
end_of_record
TN:
SF:client/src/components/App.jsx
FN:8,(anonymous_0)
FN:18,(anonymous_1)
FN:26,(anonymous_2)
FN:30,(anonymous_3)
FNF:4
FNH:3
FNDA:1,(anonymous_0)
FNDA:1,(anonymous_1)
FNDA:0,(anonymous_2)
FNDA:2,(anonymous_3)
DA:9,1
DA:10,1
DA:15,1
DA:19,1
DA:20,1
DA:27,0
DA:31,2
DA:32,2
LF:8
LH:7
BRF:0
BRH:0
end_of_record
TN:
SF:client/src/components/Questions/AddQuestion.jsx
FN:7,(anonymous_0)
FN:10,(anonymous_1)
FN:26,(anonymous_2)
FNF:3
FNH:2
FNDA:2,(anonymous_0)
FNDA:1,(anonymous_1)
FNDA:0,(anonymous_2)
DA:5,4
DA:7,4
DA:8,2
DA:10,2
DA:11,1
DA:18,1
DA:23,1
DA:25,1
DA:27,0
DA:31,2
LF:10
LH:9
BRF:0
BRH:0
end_of_record
TN:
SF:client/src/components/Questions/AnswerElement.jsx
FN:27,(anonymous_0)
FN:42,(anonymous_1)
FN:48,(anonymous_2)
FN:53,(anonymous_3)
FN:57,(anonymous_4)
FN:63,(anonymous_5)
FN:65,(anonymous_6)
FN:67,(anonymous_7)
FN:71,(anonymous_8)
FN:74,(anonymous_9)
FN:90,(anonymous_10)
FNF:11
FNH:4
FNDA:5,(anonymous_0)
FNDA:2,(anonymous_1)
FNDA:1,(anonymous_2)
FNDA:0,(anonymous_3)
FNDA:0,(anonymous_4)
FNDA:0,(anonymous_5)
FNDA:0,(anonymous_6)
FNDA:0,(anonymous_7)
FNDA:0,(anonymous_8)
FNDA:0,(anonymous_9)
FNDA:5,(anonymous_10)
DA:9,6
DA:17,6
DA:27,6
DA:35,5
DA:38,5
DA:39,5
DA:40,5
DA:42,5
DA:43,2
DA:46,5
DA:48,5
DA:49,1
DA:50,1
DA:51,1
DA:52,1
DA:55,0
DA:58,0
DA:63,5
DA:64,0
DA:65,0
DA:66,0
DA:69,0
DA:72,0
DA:76,0
DA:81,5
DA:90,5
DA:122,6
DA:133,6
LF:28
LH:20
BRDA:49,0,0,1
BRDA:49,0,1,0
BRDA:64,1,0,0
BRDA:64,1,1,0
BRDA:88,2,0,5
BRDA:88,2,1,0
BRDA:109,3,0,5
BRDA:109,3,1,0
BRF:8
BRH:3
end_of_record
TN:
SF:client/src/components/Questions/AnswerInnerList.jsx
FN:29,(anonymous_0)
FN:42,(anonymous_1)
FN:52,(anonymous_2)
FNF:3
FNH:1
FNDA:8,(anonymous_0)
FNDA:0,(anonymous_1)
FNDA:0,(anonymous_2)
DA:6,5
DA:16,5
DA:23,5
DA:29,5
DA:30,8
DA:39,7
DA:42,7
DA:44,1
DA:53,0
LF:9
LH:8
BRF:0
BRH:0
end_of_record
TN:
SF:client/src/components/Questions/ModalAddQuestion.jsx
FN:9,(anonymous_0)
FN:12,toggleModal
FNF:2
FNH:0
FNDA:0,(anonymous_0)
FNDA:0,toggleModal
DA:5,3
DA:9,3
DA:10,0
DA:13,0
DA:16,0
LF:5
LH:2
BRF:0
BRH:0
end_of_record
TN:
SF:client/src/components/Questions/QAContainer.jsx
FN:10,(anonymous_0)
FN:18,(anonymous_1)
FN:22,(anonymous_2)
FN:25,(anonymous_3)
FN:27,(anonymous_4)
FN:29,(anonymous_5)
FN:34,(anonymous_6)
FNF:7
FNH:4
FNDA:1,(anonymous_0)
FNDA:1,(anonymous_1)
FNDA:1,(anonymous_2)
FNDA:0,(anonymous_3)
FNDA:0,(anonymous_4)
FNDA:0,(anonymous_5)
FNDA:1,(anonymous_6)
DA:11,1
DA:12,1
DA:15,1
DA:19,1
DA:23,1
DA:24,1
DA:27,0
DA:30,0
DA:42,1
DA:43,1
DA:45,1
DA:69,4
DA:76,4
LF:13
LH:11
BRF:0
BRH:0
end_of_record
TN:
SF:client/src/components/Questions/QuestionElement.jsx
FN:55,(anonymous_0)
FN:68,(anonymous_1)
FN:72,(anonymous_2)
FN:76,(anonymous_3)
FN:78,(anonymous_4)
FN:82,(anonymous_5)
FN:89,(anonymous_6)
FN:99,(anonymous_7)
FN:103,(anonymous_8)
FNF:9
FNH:4
FNDA:7,(anonymous_0)
FNDA:3,(anonymous_1)
FNDA:1,(anonymous_2)
FNDA:1,(anonymous_3)
FNDA:0,(anonymous_4)
FNDA:0,(anonymous_5)
FNDA:0,(anonymous_6)
FNDA:0,(anonymous_7)
FNDA:0,(anonymous_8)
DA:9,5
DA:22,5
DA:27,5
DA:39,5
DA:46,5
DA:55,5
DA:56,7
DA:57,7
DA:66,7
DA:68,7
DA:69,3
DA:72,7
DA:73,1
DA:74,1
DA:76,1
DA:77,1
DA:80,0
DA:84,0
DA:89,7
DA:91,0
DA:92,0
DA:98,0
DA:101,0
DA:105,0
DA:109,7
LF:25
LH:18
BRDA:73,0,0,1
BRDA:73,0,1,0
BRF:2
BRH:1
end_of_record
TN:
SF:client/src/components/Questions/Questions.jsx
FN:4,(anonymous_0)
FNF:1
FNH:1
FNDA:2,(anonymous_0)
DA:4,1
DA:5,2
LF:2
LH:2
BRF:0
BRH:0
end_of_record
TN:
SF:client/src/components/Questions/QuestionsList.jsx
FN:21,(anonymous_0)
FN:29,(anonymous_1)
FN:41,(anonymous_2)
FN:43,(anonymous_3)
FN:61,(anonymous_4)
FN:74,(anonymous_5)
FNF:6
FNH:2
FNDA:4,(anonymous_0)
FNDA:5,(anonymous_1)
FNDA:0,(anonymous_2)
FNDA:0,(anonymous_3)
FNDA:0,(anonymous_4)
FNDA:0,(anonymous_5)
DA:9,3
DA:16,3
DA:22,4
DA:23,4
DA:30,5
DA:38,5
DA:39,5
DA:41,5
DA:43,5
DA:45,0
DA:50,5
DA:54,5
DA:62,0
DA:74,0
DA:84,3
DA:89,3
LF:16
LH:13
BRDA:50,0,0,0
BRDA:50,0,1,5
BRDA:59,1,0,5
BRDA:59,1,1,0
BRDA:73,2,0,5
BRDA:73,2,1,0
BRF:6
BRH:3
end_of_record
TN:
SF:client/src/components/Questions/QuestionsMain.jsx
FN:15,(anonymous_0)
FN:33,(anonymous_1)
FN:38,(anonymous_2)
FN:55,(anonymous_3)
FN:61,(anonymous_4)
FN:65,(anonymous_5)
FN:69,(anonymous_6)
FN:70,(anonymous_7)
FN:73,(anonymous_8)
FN:105,(anonymous_9)
FNF:10
FNH:4
FNDA:4,(anonymous_0)
FNDA:4,(anonymous_1)
FNDA:4,(anonymous_2)
FNDA:0,(anonymous_3)
FNDA:0,(anonymous_4)
FNDA:0,(anonymous_5)
FNDA:0,(anonymous_6)
FNDA:0,(anonymous_7)
FNDA:5,(anonymous_8)
FNDA:0,(anonymous_9)
DA:16,4
DA:17,4
DA:27,4
DA:28,4
DA:29,4
DA:30,4
DA:34,4
DA:35,4
DA:39,4
DA:41,4
DA:47,4
DA:52,4
DA:54,4
DA:57,0
DA:62,0
DA:66,0
DA:70,0
DA:74,5
DA:81,5
DA:83,5
DA:107,0
DA:120,3
LF:22
LH:17
BRDA:100,0,0,0
BRDA:100,0,1,5
BRF:2
BRH:1
end_of_record
TN:
SF:client/src/components/Questions/SearchQuestions.jsx
FN:18,(anonymous_0)
FN:26,(anonymous_1)
FN:31,(anonymous_2)
FN:47,(anonymous_3)
FNF:4
FNH:4
FNDA:7,(anonymous_0)
FNDA:9,(anonymous_1)
FNDA:8,(anonymous_2)
FNDA:5,(anonymous_3)
DA:6,4
DA:19,7
DA:20,7
DA:23,7
DA:27,9
DA:28,9
DA:32,8
DA:33,8
DA:46,4
DA:50,4
LF:10
LH:10
BRF:0
BRH:0
end_of_record
TN:
SF:client/src/components/Related/AddOutfitBtn.jsx
FN:25,(anonymous_0)
FNF:1
FNH:1
FNDA:12,(anonymous_0)
DA:6,6
DA:16,6
DA:25,6
DA:26,12
DA:27,11
DA:36,6
LF:6
LH:6
BRF:0
BRH:0
end_of_record
TN:
SF:client/src/components/Related/Card.jsx
FN:30,(anonymous_0)
FN:41,(anonymous_1)
FN:62,(anonymous_2)
FN:92,(anonymous_3)
FN:93,(anonymous_4)
FN:94,(anonymous_5)
FN:95,(anonymous_6)
FNF:7
FNH:4
FNDA:57,(anonymous_0)
FNDA:60,(anonymous_1)
FNDA:3,(anonymous_2)
FNDA:1,(anonymous_3)
FNDA:0,(anonymous_4)
FNDA:0,(anonymous_5)
FNDA:0,(anonymous_6)
DA:22,6
DA:30,57
DA:37,6
DA:41,6
DA:52,60
DA:59,57
DA:61,57
DA:62,3
DA:87,6
DA:98,6
LF:10
LH:10
BRDA:64,0,0,9
BRDA:64,0,1,48
BRDA:68,1,0,42
BRDA:68,1,1,6
BRF:4
BRH:4
end_of_record
TN:
SF:client/src/components/Related/CardImg.jsx
FN:19,(anonymous_0)
FNF:1
FNH:1
FNDA:51,(anonymous_0)
DA:5,7
DA:14,7
DA:19,7
DA:20,51
DA:21,49
DA:28,7
LF:6
LH:6
BRF:0
BRH:0
end_of_record
TN:
SF:client/src/components/Related/Carousel.jsx
FN:33,(anonymous_0)
FN:45,(anonymous_1)
FN:52,(anonymous_2)
FN:62,(anonymous_3)
FN:75,(anonymous_4)
FN:96,(anonymous_5)
FN:120,(anonymous_6)
FN:121,(anonymous_7)
FN:122,(anonymous_8)
FN:123,(anonymous_9)
FNF:10
FNH:5
FNDA:7,(anonymous_0)
FNDA:10,(anonymous_1)
FNDA:0,(anonymous_2)
FNDA:0,(anonymous_3)
FNDA:17,(anonymous_4)
FNDA:46,(anonymous_5)
FNDA:0,(anonymous_6)
FNDA:0,(anonymous_7)
FNDA:1,(anonymous_8)
FNDA:0,(anonymous_9)
DA:8,5
DA:20,5
DA:34,7
DA:35,7
DA:41,7
DA:42,7
DA:46,10
DA:47,10
DA:48,2
DA:53,0
DA:54,0
DA:55,0
DA:63,0
DA:64,0
DA:65,0
DA:67,0
DA:68,0
DA:76,17
DA:84,17
DA:86,17
DA:97,46
DA:119,5
DA:126,5
LF:23
LH:15
BRDA:47,0,0,2
BRDA:47,0,1,8
BRDA:54,1,0,0
BRDA:54,1,1,0
BRDA:64,2,0,0
BRDA:64,2,1,0
BRDA:67,3,0,0
BRDA:67,3,1,0
BRDA:90,4,0,0
BRDA:90,4,1,17
BRDA:95,5,0,17
BRDA:95,5,1,9
BRDA:110,6,0,0
BRDA:110,6,1,17
BRF:14
BRH:6
end_of_record
TN:
SF:client/src/components/Related/CompareBtn.jsx
FN:36,(anonymous_0)
FN:39,(anonymous_1)
FNF:2
FNH:2
FNDA:44,(anonymous_0)
FNDA:1,(anonymous_1)
DA:6,7
DA:15,7
DA:24,7
DA:36,7
DA:37,44
DA:38,43
DA:39,1
DA:48,7
LF:8
LH:8
BRF:0
BRH:0
end_of_record
TN:
SF:client/src/components/Related/CompareTable.jsx
FN:13,(anonymous_0)
FN:25,(anonymous_1)
FNF:2
FNH:2
FNDA:9,(anonymous_0)
FNDA:14,(anonymous_1)
DA:5,5
DA:9,5
DA:13,5
DA:14,9
DA:15,9
DA:26,14
DA:27,14
DA:28,10
DA:36,4
DA:43,5
LF:10
LH:10
BRDA:19,0,0,9
BRDA:19,0,1,4
BRDA:20,1,0,9
BRDA:20,1,1,4
BRDA:21,2,0,9
BRDA:21,2,1,4
BRDA:27,3,0,10
BRDA:27,3,1,4
BRF:8
BRH:8
end_of_record
TN:
SF:client/src/components/Related/DeleteBtn.jsx
FN:23,(anonymous_0)
FN:26,(anonymous_1)
FNF:2
FNH:2
FNDA:10,(anonymous_0)
FNDA:2,(anonymous_1)
DA:6,7
DA:14,7
DA:23,7
DA:24,10
DA:25,8
DA:26,2
DA:34,7
LF:7
LH:7
BRF:0
BRH:0
end_of_record
TN:
SF:client/src/components/Related/ForwardArrow.jsx
FN:21,(anonymous_0)
FNF:1
FNH:1
FNDA:2,(anonymous_0)
DA:7,6
DA:12,6
DA:21,6
DA:22,2
DA:23,1
DA:32,6
LF:6
LH:6
BRF:0
BRH:0
end_of_record
TN:
SF:client/src/components/Related/MSWTest.jsx
FN:6,(anonymous_0)
FN:13,(anonymous_1)
FN:16,(anonymous_2)
FN:21,(anonymous_3)
FNF:4
FNH:4
FNDA:1,(anonymous_0)
FNDA:1,(anonymous_1)
FNDA:1,(anonymous_2)
FNDA:2,(anonymous_3)
DA:7,1
DA:8,1
DA:14,1
DA:15,1
DA:17,1
DA:22,2
DA:23,2
DA:31,1
LF:8
LH:8
BRDA:25,0,0,2
BRDA:25,0,1,1
BRF:2
BRH:2
end_of_record
TN:
SF:client/src/components/Related/Modal.jsx
FN:19,(anonymous_0)
FN:52,(anonymous_1)
FNF:2
FNH:2
FNDA:8,(anonymous_0)
FNDA:8,(anonymous_1)
DA:7,4
DA:10,4
DA:19,8
DA:22,4
DA:35,4
DA:44,4
DA:52,4
DA:53,8
DA:54,8
DA:72,4
LF:10
LH:10
BRDA:19,0,0,2
BRDA:19,0,1,6
BRF:2
BRH:2
end_of_record
TN:
SF:client/src/components/Related/RatingStars.jsx
FN:3,(anonymous_0)
FNF:1
FNH:1
FNDA:49,(anonymous_0)
DA:3,7
DA:4,49
LF:2
LH:2
BRF:0
BRH:0
end_of_record
TN:
SF:client/src/components/Related/Related.jsx
FN:17,(anonymous_0)
FN:18,(anonymous_1)
FN:29,(anonymous_2)
FN:40,(anonymous_3)
FN:51,(anonymous_4)
FN:70,(anonymous_5)
FN:74,(anonymous_6)
FN:81,(anonymous_7)
FN:93,(anonymous_8)
FN:101,(anonymous_9)
FN:119,(anonymous_10)
FN:131,(anonymous_11)
FN:139,(anonymous_12)
FN:142,(anonymous_13)
FN:145,(anonymous_14)
FN:150,(anonymous_15)
FN:153,(anonymous_16)
FN:154,(anonymous_17)
FN:158,(anonymous_18)
FN:163,(anonymous_19)
FN:168,(anonymous_20)
FN:171,(anonymous_21)
FN:175,(anonymous_22)
FN:177,(anonymous_23)
FN:181,(anonymous_24)
FN:188,(anonymous_25)
FN:195,(anonymous_26)
FNF:27
FNH:26
FNDA:5,(anonymous_0)
FNDA:15,(anonymous_1)
FNDA:15,(anonymous_2)
FNDA:75,(anonymous_3)
FNDA:4,(anonymous_4)
FNDA:4,(anonymous_5)
FNDA:16,(anonymous_6)
FNDA:1,(anonymous_7)
FNDA:7,(anonymous_8)
FNDA:3,(anonymous_9)
FNDA:0,(anonymous_10)
FNDA:1,(anonymous_11)
FNDA:1,(anonymous_12)
FNDA:1,(anonymous_13)
FNDA:1,(anonymous_14)
FNDA:1,(anonymous_15)
FNDA:1,(anonymous_16)
FNDA:1,(anonymous_17)
FNDA:4,(anonymous_18)
FNDA:2,(anonymous_19)
FNDA:2,(anonymous_20)
FNDA:2,(anonymous_21)
FNDA:2,(anonymous_22)
FNDA:2,(anonymous_23)
FNDA:2,(anonymous_24)
FNDA:1,(anonymous_25)
FNDA:20,(anonymous_26)
DA:14,4
DA:17,4
DA:18,5
DA:19,15
DA:28,15
DA:30,15
DA:31,15
DA:32,15
DA:34,15
DA:35,15
DA:36,15
DA:37,15
DA:39,15
DA:40,15
DA:41,75
DA:43,15
DA:45,15
DA:47,5
DA:52,4
DA:53,4
DA:63,4
DA:64,4
DA:65,4
DA:66,4
DA:67,4
DA:71,4
DA:75,16
DA:76,16
DA:77,0
DA:82,1
DA:83,1
DA:85,1
DA:86,1
DA:87,1
DA:88,1
DA:93,1
DA:94,7
DA:95,1
DA:96,1
DA:100,1
DA:101,1
DA:102,3
DA:103,3
DA:104,3
DA:105,3
DA:106,3
DA:107,3
DA:108,3
DA:112,3
DA:113,0
DA:115,3
DA:118,1
DA:119,0
DA:120,0
DA:121,0
DA:125,1
DA:132,1
DA:133,1
DA:134,0
DA:137,1
DA:138,1
DA:140,1
DA:143,1
DA:146,1
DA:151,1
DA:152,1
DA:153,1
DA:154,1
DA:159,4
DA:160,4
DA:162,4
DA:164,2
DA:167,4
DA:169,2
DA:170,2
DA:172,2
DA:176,2
DA:178,2
DA:182,2
DA:189,1
DA:190,1
DA:198,20
DA:199,20
DA:200,20
DA:236,4
LF:85
LH:79
BRDA:42,0,0,15
BRDA:42,0,1,0
BRDA:76,1,0,0
BRDA:76,1,1,16
BRDA:94,2,0,1
BRDA:94,2,1,6
BRDA:105,3,0,3
BRDA:105,3,1,0
BRDA:112,4,0,0
BRDA:112,4,1,3
BRDA:118,5,0,0
BRDA:118,5,1,1
BRDA:133,6,0,0
BRDA:133,6,1,1
BRDA:202,7,0,13
BRDA:202,7,1,7
BRF:16
BRH:10
end_of_record
TN:
SF:client/src/components/Related/ReverseArrow.jsx
FN:20,(anonymous_0)
FNF:1
FNH:1
FNDA:2,(anonymous_0)
DA:6,6
DA:11,6
DA:20,6
DA:21,2
DA:22,1
DA:31,6
LF:6
LH:6
BRF:0
BRH:0
end_of_record
TN:
SF:client/src/components/Reviews/APIcalls.jsx
FN:5,(anonymous_0)
FN:19,(anonymous_1)
FN:31,(anonymous_2)
FN:42,(anonymous_3)
FNF:4
FNH:2
FNDA:6,(anonymous_0)
FNDA:6,(anonymous_1)
FNDA:0,(anonymous_2)
FNDA:0,(anonymous_3)
DA:4,2
DA:6,6
DA:20,6
DA:32,0
DA:43,0
LF:5
LH:3
BRF:0
BRH:0
end_of_record
TN:
SF:client/src/components/Reviews/breakdownProduct.jsx
FN:5,(anonymous_0)
FN:9,(anonymous_1)
FN:15,(anonymous_2)
FN:31,(anonymous_3)
FNF:4
FNH:3
FNDA:17,(anonymous_0)
FNDA:0,(anonymous_1)
FNDA:64,(anonymous_2)
FNDA:20,(anonymous_3)
DA:5,3
DA:8,17
DA:9,17
DA:10,0
DA:11,0
DA:14,17
DA:15,17
DA:16,64
DA:24,17
DA:32,20
DA:33,7
DA:45,0
LF:12
LH:9
BRDA:14,0,0,17
BRDA:14,0,1,0
BRDA:27,1,0,4
BRDA:27,1,1,13
BRDA:32,2,0,7
BRDA:32,2,1,13
BRF:6
BRH:5
end_of_record
TN:
SF:client/src/components/Reviews/breakdownRating.jsx
FN:3,(anonymous_0)
FN:8,(anonymous_1)
FNF:2
FNH:2
FNDA:64,(anonymous_0)
FNDA:4,(anonymous_1)
DA:3,3
DA:6,64
DA:8,64
DA:9,4
DA:10,4
DA:13,64
DA:15,64
LF:7
LH:7
BRDA:13,0,0,0
BRDA:13,0,1,64
BRF:2
BRH:1
end_of_record
TN:
SF:client/src/components/Reviews/breakdownScale.jsx
FN:3,(anonymous_0)
FN:5,(anonymous_1)
FNF:2
FNH:2
FNDA:17,(anonymous_0)
FNDA:40,(anonymous_1)
DA:3,3
DA:4,17
DA:6,40
LF:3
LH:3
BRF:0
BRH:0
end_of_record
TN:
SF:client/src/components/Reviews/reviewList.jsx
FN:8,(anonymous_0)
FN:17,(anonymous_1)
FN:19,(anonymous_2)
FN:24,(anonymous_3)
FN:31,(anonymous_4)
FN:36,(anonymous_5)
FN:42,(anonymous_6)
FN:50,(anonymous_7)
FN:54,(anonymous_8)
FN:58,(anonymous_9)
FNF:10
FNH:5
FNDA:11,(anonymous_0)
FNDA:0,(anonymous_1)
FNDA:0,(anonymous_2)
FNDA:0,(anonymous_3)
FNDA:4,(anonymous_4)
FNDA:1,(anonymous_5)
FNDA:0,(anonymous_6)
FNDA:0,(anonymous_7)
FNDA:24,(anonymous_8)
FNDA:170,(anonymous_9)
DA:9,11
DA:10,11
DA:18,0
DA:19,0
DA:24,0
DA:32,4
DA:37,1
DA:43,0
DA:47,0
DA:51,0
DA:55,24
DA:56,24
DA:57,24
DA:58,10
DA:59,170
DA:62,20
DA:63,20
DA:65,20
DA:72,10
DA:101,3
LF:20
LH:14
BRDA:18,0,0,0
BRDA:18,0,1,0
BRDA:57,1,0,14
BRDA:57,1,1,10
BRDA:59,2,0,20
BRDA:59,2,1,150
BRDA:60,3,0,170
BRDA:60,3,1,170
BRDA:62,4,0,20
BRDA:62,4,1,0
BRF:10
BRH:7
end_of_record
TN:
SF:client/src/components/Reviews/reviewModal.jsx
FN:6,(anonymous_0)
FN:18,(anonymous_1)
FN:47,(anonymous_2)
FN:52,(anonymous_3)
FN:59,(anonymous_4)
FN:60,(anonymous_5)
FN:68,(anonymous_6)
FN:69,(anonymous_7)
FN:74,(anonymous_8)
FN:76,(anonymous_9)
FNF:10
FNH:8
FNDA:6,(anonymous_0)
FNDA:1,(anonymous_1)
FNDA:6,(anonymous_2)
FNDA:2,(anonymous_3)
FNDA:20,(anonymous_4)
FNDA:20,(anonymous_5)
FNDA:0,(anonymous_6)
FNDA:0,(anonymous_7)
FNDA:39,(anonymous_8)
FNDA:156,(anonymous_9)
DA:7,6
DA:8,6
DA:18,6
DA:19,1
DA:29,1
DA:30,1
DA:31,1
DA:32,0
DA:33,0
DA:36,0
DA:37,0
DA:38,0
DA:39,0
DA:40,0
DA:41,0
DA:43,0
DA:48,6
DA:53,2
DA:54,2
DA:60,20
DA:69,0
DA:75,39
DA:76,39
DA:77,156
DA:97,39
LF:25
LH:15
BRDA:30,0,0,1
BRDA:30,0,1,0
BRDA:32,1,0,0
BRDA:32,1,1,0
BRDA:36,2,0,0
BRDA:36,2,1,0
BRDA:38,3,0,0
BRDA:38,3,1,0
BRDA:40,4,0,0
BRDA:40,4,1,0
BRF:10
BRH:1
end_of_record
TN:
SF:client/src/components/Reviews/reviewTile.jsx
FN:4,(anonymous_0)
FN:14,(anonymous_1)
FNF:2
FNH:2
FNDA:24,(anonymous_0)
FNDA:3,(anonymous_1)
DA:4,4
DA:5,24
DA:8,24
DA:9,24
DA:10,24
DA:11,24
DA:12,24
DA:14,24
DA:15,3
DA:17,24
LF:10
LH:10
BRDA:33,0,0,14
BRDA:33,0,1,10
BRDA:41,1,0,0
BRDA:41,1,1,24
BRF:4
BRH:3
end_of_record
TN:
SF:client/src/components/Reviews/reviewapp.jsx
FN:7,(anonymous_0)
FN:29,(anonymous_1)
FN:33,(anonymous_2)
FN:36,(anonymous_3)
FN:41,(anonymous_4)
FN:45,(anonymous_5)
FN:52,(anonymous_6)
FN:57,(anonymous_7)
FN:59,(anonymous_8)
FN:63,(anonymous_9)
FN:68,(anonymous_10)
FN:74,(anonymous_11)
FN:78,(anonymous_12)
FN:81,(anonymous_13)
FN:86,(anonymous_14)
FN:92,(anonymous_15)
FN:97,(anonymous_16)
FN:104,(anonymous_17)
FN:132,(anonymous_18)
FN:140,(anonymous_19)
FN:150,(anonymous_20)
FN:163,(anonymous_21)
FNF:22
FNH:10
FNDA:6,(anonymous_0)
FNDA:6,(anonymous_1)
FNDA:6,(anonymous_2)
FNDA:4,(anonymous_3)
FNDA:0,(anonymous_4)
FNDA:5,(anonymous_5)
FNDA:0,(anonymous_6)
FNDA:0,(anonymous_7)
FNDA:0,(anonymous_8)
FNDA:0,(anonymous_9)
FNDA:0,(anonymous_10)
FNDA:0,(anonymous_11)
FNDA:0,(anonymous_12)
FNDA:0,(anonymous_13)
FNDA:0,(anonymous_14)
FNDA:14,(anonymous_15)
FNDA:49,(anonymous_16)
FNDA:4,(anonymous_17)
FNDA:0,(anonymous_18)
FNDA:2,(anonymous_19)
FNDA:0,(anonymous_20)
FNDA:14,(anonymous_21)
DA:8,6
DA:9,6
DA:30,6
DA:34,6
DA:35,6
DA:37,4
DA:42,0
DA:44,6
DA:46,5
DA:53,0
DA:58,0
DA:60,0
DA:61,0
DA:64,0
DA:69,0
DA:70,0
DA:71,0
DA:73,0
DA:75,0
DA:76,0
DA:79,0
DA:82,0
DA:87,0
DA:93,14
DA:94,14
DA:95,14
DA:96,14
DA:97,14
DA:98,49
DA:99,49
DA:101,14
DA:106,4
DA:107,2
DA:118,2
DA:120,0
DA:130,2
DA:132,0
DA:140,2
DA:151,0
DA:166,14
DA:167,14
LF:41
LH:23
BRDA:106,0,0,2
BRDA:106,0,1,2
BRDA:118,1,0,0
BRDA:118,1,1,2
BRDA:118,2,0,2
BRDA:118,2,1,0
BRDA:130,3,0,0
BRDA:130,3,1,2
BRF:8
BRH:5
end_of_record
TN:
SF:server/config.js
FNF:0
FNH:0
DA:1,1
DA:2,1
LF:2
LH:2
BRF:0
BRH:0
end_of_record
TN:
SF:server/index.js
FN:15,(anonymous_0)
FN:22,(anonymous_1)
FN:25,(anonymous_2)
FN:30,(anonymous_3)
FN:37,(anonymous_4)
FN:40,(anonymous_5)
FN:45,(anonymous_6)
FN:52,(anonymous_7)
FN:55,(anonymous_8)
FN:60,(anonymous_9)
FN:67,(anonymous_10)
FN:70,(anonymous_11)
FN:75,(anonymous_12)
FN:82,(anonymous_13)
FN:85,(anonymous_14)
FN:92,(anonymous_15)
FN:100,(anonymous_16)
FN:103,(anonymous_17)
FN:108,(anonymous_18)
FN:115,(anonymous_19)
FN:119,(anonymous_20)
FN:125,(anonymous_21)
FN:132,(anonymous_22)
FN:135,(anonymous_23)
FN:141,(anonymous_24)
FN:151,(anonymous_25)
FN:154,(anonymous_26)
FN:160,(anonymous_27)
FN:166,(anonymous_28)
FN:169,(anonymous_29)
FN:175,(anonymous_30)
FN:182,(anonymous_31)
FN:185,(anonymous_32)
FN:191,(anonymous_33)
FN:198,(anonymous_34)
FN:201,(anonymous_35)
FN:207,(anonymous_36)
FN:214,(anonymous_37)
FN:217,(anonymous_38)
FNF:39
FNH:9
FNDA:5,(anonymous_0)
FNDA:5,(anonymous_1)
FNDA:0,(anonymous_2)
FNDA:4,(anonymous_3)
FNDA:1,(anonymous_4)
FNDA:3,(anonymous_5)
FNDA:1,(anonymous_6)
FNDA:1,(anonymous_7)
FNDA:0,(anonymous_8)
FNDA:1,(anonymous_9)
FNDA:1,(anonymous_10)
FNDA:0,(anonymous_11)
FNDA:0,(anonymous_12)
FNDA:0,(anonymous_13)
FNDA:0,(anonymous_14)
FNDA:0,(anonymous_15)
FNDA:0,(anonymous_16)
FNDA:0,(anonymous_17)
FNDA:0,(anonymous_18)
FNDA:0,(anonymous_19)
FNDA:0,(anonymous_20)
FNDA:0,(anonymous_21)
FNDA:0,(anonymous_22)
FNDA:0,(anonymous_23)
FNDA:0,(anonymous_24)
FNDA:0,(anonymous_25)
FNDA:0,(anonymous_26)
FNDA:0,(anonymous_27)
FNDA:0,(anonymous_28)
FNDA:0,(anonymous_29)
FNDA:0,(anonymous_30)
FNDA:0,(anonymous_31)
FNDA:0,(anonymous_32)
FNDA:0,(anonymous_33)
FNDA:0,(anonymous_34)
FNDA:0,(anonymous_35)
FNDA:0,(anonymous_36)
FNDA:0,(anonymous_37)
FNDA:0,(anonymous_38)
DA:1,1
DA:2,1
DA:3,1
DA:5,1
DA:6,1
DA:7,1
DA:9,1
DA:10,1
DA:12,1
DA:15,1
DA:16,5
DA:17,5
DA:18,5
DA:19,5
DA:21,5
DA:23,5
DA:26,0
DA:30,1
DA:31,4
DA:32,4
DA:33,4
DA:34,4
DA:36,4
DA:38,1
DA:41,3
DA:45,1
DA:46,1
DA:47,1
DA:48,1
DA:49,1
DA:51,1
DA:53,1
DA:56,0
DA:60,1
DA:61,1
DA:62,1
DA:63,1
DA:64,1
DA:66,1
DA:68,1
DA:71,0
DA:75,1
DA:76,0
DA:77,0
DA:78,0
DA:79,0
DA:81,0
DA:83,0
DA:86,0
DA:92,1
DA:93,0
DA:94,0
DA:95,0
DA:96,0
DA:97,0
DA:99,0
DA:101,0
DA:104,0
DA:108,1
DA:109,0
DA:110,0
DA:111,0
DA:112,0
DA:114,0
DA:116,0
DA:117,0
DA:120,0
DA:125,1
DA:126,0
DA:127,0
DA:128,0
DA:129,0
DA:131,0
DA:133,0
DA:136,0
DA:141,1
DA:142,0
DA:144,0
DA:145,0
DA:146,0
DA:148,0
DA:150,0
DA:152,0
DA:155,0
DA:160,1
DA:161,0
DA:162,0
DA:163,0
DA:164,0
DA:165,0
DA:167,0
DA:170,0
DA:175,1
DA:176,0
DA:177,0
DA:178,0
DA:179,0
DA:181,0
DA:183,0
DA:186,0
DA:191,1
DA:192,0
DA:193,0
DA:194,0
DA:195,0
DA:197,0
DA:199,0
DA:202,0
DA:207,1
DA:208,0
DA:209,0
DA:210,0
DA:211,0
DA:213,0
DA:215,0
DA:218,0
DA:222,1
LF:117
LH:48
BRF:0
BRH:0
end_of_record
